22:21:20 DEBUG : Logs will be stored at '/home/luka/FPGA/sw/IDE.log'.
22:21:39 INFO  : Platform repository initialization has completed.
22:21:39 INFO  : Launching XSCT server: xsct -n  -interactive /home/luka/FPGA/sw/temp_xsdb_launch_script.tcl
22:21:39 INFO  : Registering command handlers for Vitis TCF services
22:21:42 INFO  : XSCT server has started successfully.
22:21:42 INFO  : Successfully done setting XSCT server connection channel  
22:21:42 INFO  : plnx-install-location is set to ''
22:21:42 INFO  : Successfully done query RDI_DATADIR 
22:21:42 INFO  : Successfully done setting workspace for the tool. 
22:34:59 INFO  : Result from executing command 'getProjects': xadc_project
22:34:59 INFO  : Result from executing command 'getPlatforms': 
22:47:39 INFO  : Result from executing command 'getProjects': xadc_project
22:47:39 INFO  : Result from executing command 'getPlatforms': xadc_project|/home/luka/FPGA/sw/xadc_project/export/xadc_project/xadc_project.xpfm
22:47:42 INFO  : Checking for BSP changes to sync application flags for project 'xadc_app'...
23:04:21 INFO  : Checking for BSP changes to sync application flags for project 'xadc_app'...
23:06:31 INFO  : Checking for BSP changes to sync application flags for project 'xadc_app'...
23:13:33 INFO  : Checking for BSP changes to sync application flags for project 'xadc_app'...
23:14:14 INFO  : Checking for BSP changes to sync application flags for project 'xadc_app'...
23:14:35 INFO  : Checking for BSP changes to sync application flags for project 'xadc_app'...
23:15:09 INFO  : Checking for BSP changes to sync application flags for project 'xadc_app'...
23:16:38 INFO  : Checking for BSP changes to sync application flags for project 'xadc_app'...
23:41:55 INFO  : Checking for BSP changes to sync application flags for project 'xadc_app'...
23:42:17 INFO  : Checking for BSP changes to sync application flags for project 'xadc_app'...
23:44:03 INFO  : Checking for BSP changes to sync application flags for project 'xadc_app'...
23:45:46 INFO  : Checking for BSP changes to sync application flags for project 'xadc_app'...
00:07:14 INFO  : Checking for BSP changes to sync application flags for project 'xadc_app'...
00:25:08 INFO  : Checking for BSP changes to sync application flags for project 'xadc_app'...
00:26:43 INFO  : Checking for BSP changes to sync application flags for project 'xadc_app'...
00:36:54 INFO  : Checking for BSP changes to sync application flags for project 'xadc_app'...
00:43:14 INFO  : Checking for BSP changes to sync application flags for project 'xadc_app'...
00:43:54 INFO  : Checking for BSP changes to sync application flags for project 'xadc_app'...
