
*** Running vivado
    with args -log stopwatch.vds -m64 -product Vivado -mode batch -messageDb vivado.pb -notrace -source stopwatch.tcl



****** Vivado v2024.1 (64-bit)
  **** SW Build 5076996 on Wed May 22 18:37:14 MDT 2024
  **** IP Build 5075265 on Wed May 22 21:45:21 MDT 2024
  **** SharedData Build 5076995 on Wed May 22 18:29:18 MDT 2024
  **** Start of session at: Tue Nov 12 00:38:49 2024
    ** Copyright 1986-2022 Xilinx, Inc. All Rights Reserved.
    ** Copyright 2022-2024 Advanced Micro Devices, Inc. All Rights Reserved.

source stopwatch.tcl -notrace
create_project: Time (s): cpu = 00:00:09 ; elapsed = 00:00:10 . Memory (MB): peak = 488.414 ; gain = 202.234
Command: read_checkpoint -auto_incremental -incremental E:/FAX/digitalnoNacrt/vaje4/vaje4.srcs/utils_1/imports/synth_1/stopwatch.dcp
INFO: [Vivado 12-5825] Read reference checkpoint from E:/FAX/digitalnoNacrt/vaje4/vaje4.srcs/utils_1/imports/synth_1/stopwatch.dcp for incremental synthesis
INFO: [Vivado 12-7989] Please ensure there are no constraint changes
Command: synth_design -top stopwatch -part xc7a50tcsg324-1
Starting synth_design
Attempting to get a license for feature 'Synthesis' and/or device 'xc7a50t'
INFO: [Common 17-349] Got license for feature 'Synthesis' and/or device 'xc7a50t'
INFO: [Device 21-403] Loading part xc7a50tcsg324-1
INFO: [Device 21-9227] Part: xc7a50tcsg324-1 does not have CEAM library.
INFO: [Designutils 20-5440] No compile time benefit to using incremental synthesis; A full resynthesis will be run
INFO: [Designutils 20-4379] Flow is switching to default flow due to incremental criteria not met. If you would like to alter this behaviour and have the flow terminate instead, please set the following parameter config_implementation {autoIncr.Synth.RejectBehavior Terminate}
INFO: [Synth 8-7079] Multithreading enabled for synth_design using a maximum of 2 processes.
INFO: [Synth 8-7078] Launching helper process for spawning children vivado processes
INFO: [Synth 8-7075] Helper process launched with PID 5528
---------------------------------------------------------------------------------
Starting RTL Elaboration : Time (s): cpu = 00:00:08 ; elapsed = 00:00:09 . Memory (MB): peak = 1340.797 ; gain = 448.684
---------------------------------------------------------------------------------
INFO: [Synth 8-11241] undeclared symbol 'an_sel', assumed default net type 'wire' [E:/FAX/digitalnoNacrt/vaje4/vaje4.srcs/sources_1/new/vaja4.sv:205]
INFO: [Synth 8-6157] synthesizing module 'stopwatch' [E:/FAX/digitalnoNacrt/vaje4/vaje4.srcs/sources_1/new/vaja4.sv:234]
INFO: [Synth 8-6157] synthesizing module 'timer_0001s' [E:/FAX/digitalnoNacrt/vaje4/vaje4.srcs/sources_1/new/vaja4.sv:2]
	Parameter PRESCALER_WIDTH bound to: 14 - type: integer 
INFO: [Synth 8-6155] done synthesizing module 'timer_0001s' (0#1) [E:/FAX/digitalnoNacrt/vaje4/vaje4.srcs/sources_1/new/vaja4.sv:2]
INFO: [Synth 8-6157] synthesizing module 'mod_counter' [E:/FAX/digitalnoNacrt/vaje4/vaje4.srcs/sources_1/new/vaja4.sv:41]
	Parameter MOD_COUNTER bound to: 10 - type: integer 
	Parameter WIDTH bound to: 4 - type: integer 
INFO: [Synth 8-6155] done synthesizing module 'mod_counter' (0#1) [E:/FAX/digitalnoNacrt/vaje4/vaje4.srcs/sources_1/new/vaja4.sv:41]
WARNING: [Synth 8-689] width (1) of port connection 'counter' does not match port width (4) of module 'mod_counter' [E:/FAX/digitalnoNacrt/vaje4/vaje4.srcs/sources_1/new/vaja4.sv:264]
WARNING: [Synth 8-689] width (1) of port connection 'counter' does not match port width (4) of module 'mod_counter' [E:/FAX/digitalnoNacrt/vaje4/vaje4.srcs/sources_1/new/vaja4.sv:279]
WARNING: [Synth 8-689] width (1) of port connection 'counter' does not match port width (4) of module 'mod_counter' [E:/FAX/digitalnoNacrt/vaje4/vaje4.srcs/sources_1/new/vaja4.sv:295]
INFO: [Synth 8-6157] synthesizing module 'mod_counter__parameterized0' [E:/FAX/digitalnoNacrt/vaje4/vaje4.srcs/sources_1/new/vaja4.sv:41]
	Parameter MOD_COUNTER bound to: 6 - type: integer 
	Parameter WIDTH bound to: 4 - type: integer 
INFO: [Synth 8-6155] done synthesizing module 'mod_counter__parameterized0' (0#1) [E:/FAX/digitalnoNacrt/vaje4/vaje4.srcs/sources_1/new/vaja4.sv:41]
WARNING: [Synth 8-689] width (1) of port connection 'counter' does not match port width (4) of module 'mod_counter__parameterized0' [E:/FAX/digitalnoNacrt/vaje4/vaje4.srcs/sources_1/new/vaja4.sv:311]
WARNING: [Synth 8-689] width (1) of port connection 'counter' does not match port width (4) of module 'mod_counter' [E:/FAX/digitalnoNacrt/vaje4/vaje4.srcs/sources_1/new/vaja4.sv:327]
WARNING: [Synth 8-689] width (1) of port connection 'counter' does not match port width (4) of module 'mod_counter' [E:/FAX/digitalnoNacrt/vaje4/vaje4.srcs/sources_1/new/vaja4.sv:342]
WARNING: [Synth 8-689] width (1) of port connection 'counter' does not match port width (4) of module 'mod_counter' [E:/FAX/digitalnoNacrt/vaje4/vaje4.srcs/sources_1/new/vaja4.sv:356]
WARNING: [Synth 8-689] width (1) of port connection 'counter' does not match port width (4) of module 'mod_counter__parameterized0' [E:/FAX/digitalnoNacrt/vaje4/vaje4.srcs/sources_1/new/vaja4.sv:371]
INFO: [Synth 8-6157] synthesizing module 'SevSegDisplay' [E:/FAX/digitalnoNacrt/vaje4/vaje4.srcs/sources_1/new/vaja4.sv:177]
INFO: [Synth 8-6157] synthesizing module 'value_to_digit' [E:/FAX/digitalnoNacrt/vaje4/vaje4.srcs/sources_1/new/vaja4.sv:116]
INFO: [Synth 8-6155] done synthesizing module 'value_to_digit' (0#1) [E:/FAX/digitalnoNacrt/vaje4/vaje4.srcs/sources_1/new/vaja4.sv:116]
WARNING: [Synth 8-689] width (1) of port connection 'anode_select' does not match port width (8) of module 'value_to_digit' [E:/FAX/digitalnoNacrt/vaje4/vaje4.srcs/sources_1/new/vaja4.sv:205]
INFO: [Synth 8-6157] synthesizing module 'digit_to_segments' [E:/FAX/digitalnoNacrt/vaje4/vaje4.srcs/sources_1/new/vaja4.sv:150]
INFO: [Synth 8-6155] done synthesizing module 'digit_to_segments' (0#1) [E:/FAX/digitalnoNacrt/vaje4/vaje4.srcs/sources_1/new/vaja4.sv:150]
INFO: [Synth 8-6157] synthesizing module 'anode_assert' [E:/FAX/digitalnoNacrt/vaje4/vaje4.srcs/sources_1/new/vaja4.sv:82]
INFO: [Synth 8-6155] done synthesizing module 'anode_assert' (0#1) [E:/FAX/digitalnoNacrt/vaje4/vaje4.srcs/sources_1/new/vaja4.sv:82]
INFO: [Synth 8-6157] synthesizing module 'timer_0001s__parameterized0' [E:/FAX/digitalnoNacrt/vaje4/vaje4.srcs/sources_1/new/vaja4.sv:2]
	Parameter PRESCALER_WIDTH bound to: 14 - type: integer 
	Parameter LIMIT bound to: 200000 - type: integer 
INFO: [Synth 8-6155] done synthesizing module 'timer_0001s__parameterized0' (0#1) [E:/FAX/digitalnoNacrt/vaje4/vaje4.srcs/sources_1/new/vaja4.sv:2]
INFO: [Synth 8-6155] done synthesizing module 'SevSegDisplay' (0#1) [E:/FAX/digitalnoNacrt/vaje4/vaje4.srcs/sources_1/new/vaja4.sv:177]
WARNING: [Synth 8-689] width (1) of port connection 'digit1' does not match port width (4) of module 'SevSegDisplay' [E:/FAX/digitalnoNacrt/vaje4/vaje4.srcs/sources_1/new/vaja4.sv:383]
WARNING: [Synth 8-689] width (1) of port connection 'digit2' does not match port width (4) of module 'SevSegDisplay' [E:/FAX/digitalnoNacrt/vaje4/vaje4.srcs/sources_1/new/vaja4.sv:384]
WARNING: [Synth 8-689] width (1) of port connection 'digit3' does not match port width (4) of module 'SevSegDisplay' [E:/FAX/digitalnoNacrt/vaje4/vaje4.srcs/sources_1/new/vaja4.sv:385]
WARNING: [Synth 8-689] width (1) of port connection 'digit4' does not match port width (4) of module 'SevSegDisplay' [E:/FAX/digitalnoNacrt/vaje4/vaje4.srcs/sources_1/new/vaja4.sv:386]
WARNING: [Synth 8-689] width (1) of port connection 'digit5' does not match port width (4) of module 'SevSegDisplay' [E:/FAX/digitalnoNacrt/vaje4/vaje4.srcs/sources_1/new/vaja4.sv:387]
WARNING: [Synth 8-689] width (1) of port connection 'digit6' does not match port width (4) of module 'SevSegDisplay' [E:/FAX/digitalnoNacrt/vaje4/vaje4.srcs/sources_1/new/vaja4.sv:388]
WARNING: [Synth 8-689] width (1) of port connection 'digit7' does not match port width (4) of module 'SevSegDisplay' [E:/FAX/digitalnoNacrt/vaje4/vaje4.srcs/sources_1/new/vaja4.sv:389]
WARNING: [Synth 8-689] width (1) of port connection 'digit8' does not match port width (4) of module 'SevSegDisplay' [E:/FAX/digitalnoNacrt/vaje4/vaje4.srcs/sources_1/new/vaja4.sv:390]
INFO: [Synth 8-6155] done synthesizing module 'stopwatch' (0#1) [E:/FAX/digitalnoNacrt/vaje4/vaje4.srcs/sources_1/new/vaja4.sv:234]
WARNING: [Synth 8-6014] Unused sequential element counter_reg was removed.  [E:/FAX/digitalnoNacrt/vaje4/vaje4.srcs/sources_1/new/vaja4.sv:21]
WARNING: [Synth 8-3848] Net an_sel in module/entity SevSegDisplay does not have driver. [E:/FAX/digitalnoNacrt/vaje4/vaje4.srcs/sources_1/new/vaja4.sv:205]
WARNING: [Synth 8-7129] Port clock in module anode_assert is either unconnected or has no load
---------------------------------------------------------------------------------
Finished RTL Elaboration : Time (s): cpu = 00:00:10 ; elapsed = 00:00:12 . Memory (MB): peak = 1451.926 ; gain = 559.812
---------------------------------------------------------------------------------
---------------------------------------------------------------------------------
Start Handling Custom Attributes
---------------------------------------------------------------------------------
---------------------------------------------------------------------------------
Finished Handling Custom Attributes : Time (s): cpu = 00:00:11 ; elapsed = 00:00:12 . Memory (MB): peak = 1451.926 ; gain = 559.812
---------------------------------------------------------------------------------
---------------------------------------------------------------------------------
Finished RTL Optimization Phase 1 : Time (s): cpu = 00:00:11 ; elapsed = 00:00:12 . Memory (MB): peak = 1451.926 ; gain = 559.812
---------------------------------------------------------------------------------
Netlist sorting complete. Time (s): cpu = 00:00:00 ; elapsed = 00:00:00.002 . Memory (MB): peak = 1451.926 ; gain = 0.000
INFO: [Project 1-570] Preparing netlist for logic optimization

Processing XDC Constraints
Initializing timing engine
Parsing XDC File [E:/FAX/digitalnoNacrt/vaje4/vaje4.srcs/constrs_1/new/vaje7_constraints.xdc]
CRITICAL WARNING: [Designutils 20-970] Unrecognized or unsupported command 'create_clock -add -name sys_clk_pin -period 10.00 -waveform {0 5}[get_ports {clock}];' found in constraint file. [E:/FAX/digitalnoNacrt/vaje4/vaje4.srcs/constrs_1/new/vaje7_constraints.xdc:3]
Finished Parsing XDC File [E:/FAX/digitalnoNacrt/vaje4/vaje4.srcs/constrs_1/new/vaje7_constraints.xdc]
INFO: [Project 1-236] Implementation specific constraints were found while reading constraint file [E:/FAX/digitalnoNacrt/vaje4/vaje4.srcs/constrs_1/new/vaje7_constraints.xdc]. These constraints will be ignored for synthesis but will be used in implementation. Impacted constraints are listed in the file [.Xil/stopwatch_propImpl.xdc].
Resolution: To avoid this warning, move constraints listed in [.Xil/stopwatch_propImpl.xdc] to another XDC file and exclude this new file from synthesis with the used_in_synthesis property (File Properties dialog in GUI) and re-run elaboration/synthesis.
Completed Processing XDC Constraints

Netlist sorting complete. Time (s): cpu = 00:00:00 ; elapsed = 00:00:00 . Memory (MB): peak = 1503.723 ; gain = 0.000
INFO: [Project 1-111] Unisim Transformation Summary:
No Unisim elements were transformed.

Constraint Validation Runtime : Time (s): cpu = 00:00:00 ; elapsed = 00:00:00.002 . Memory (MB): peak = 1503.723 ; gain = 0.000
INFO: [Designutils 20-5440] No compile time benefit to using incremental synthesis; A full resynthesis will be run
INFO: [Designutils 20-4379] Flow is switching to default flow due to incremental criteria not met. If you would like to alter this behaviour and have the flow terminate instead, please set the following parameter config_implementation {autoIncr.Synth.RejectBehavior Terminate}
---------------------------------------------------------------------------------
Finished Constraint Validation : Time (s): cpu = 00:00:22 ; elapsed = 00:00:24 . Memory (MB): peak = 1503.723 ; gain = 611.609
---------------------------------------------------------------------------------
---------------------------------------------------------------------------------
Start Loading Part and Timing Information
---------------------------------------------------------------------------------
Loading part: xc7a50tcsg324-1
---------------------------------------------------------------------------------
Finished Loading Part and Timing Information : Time (s): cpu = 00:00:22 ; elapsed = 00:00:24 . Memory (MB): peak = 1503.723 ; gain = 611.609
---------------------------------------------------------------------------------
---------------------------------------------------------------------------------
Start Applying 'set_property' XDC Constraints
---------------------------------------------------------------------------------
---------------------------------------------------------------------------------
Finished applying 'set_property' XDC Constraints : Time (s): cpu = 00:00:22 ; elapsed = 00:00:24 . Memory (MB): peak = 1503.723 ; gain = 611.609
---------------------------------------------------------------------------------
---------------------------------------------------------------------------------
Finished RTL Optimization Phase 2 : Time (s): cpu = 00:00:23 ; elapsed = 00:00:25 . Memory (MB): peak = 1503.723 ; gain = 611.609
---------------------------------------------------------------------------------
---------------------------------------------------------------------------------
Start RTL Component Statistics 
---------------------------------------------------------------------------------
Detailed RTL Component Info : 
+---Adders : 
	   2 Input   14 Bit       Adders := 1     
	   2 Input    4 Bit       Adders := 8     
	   2 Input    3 Bit       Adders := 1     
+---Registers : 
	               14 Bit    Registers := 1     
	                4 Bit    Registers := 8     
	                3 Bit    Registers := 1     
	                1 Bit    Registers := 10    
+---Muxes : 
	   2 Input    4 Bit        Muxes := 8     
	   2 Input    1 Bit        Muxes := 9     
---------------------------------------------------------------------------------
Finished RTL Component Statistics 
---------------------------------------------------------------------------------
---------------------------------------------------------------------------------
Start Part Resource Summary
---------------------------------------------------------------------------------
Part Resources:
DSPs: 120 (col length:60)
BRAMs: 150 (col length: RAMB18 60 RAMB36 30)
---------------------------------------------------------------------------------
Finished Part Resource Summary
---------------------------------------------------------------------------------
---------------------------------------------------------------------------------
Start Cross Boundary and Area Optimization
---------------------------------------------------------------------------------
WARNING: [Synth 8-7080] Parallel synthesis criteria is not met
---------------------------------------------------------------------------------
Finished Cross Boundary and Area Optimization : Time (s): cpu = 00:00:26 ; elapsed = 00:00:28 . Memory (MB): peak = 1503.723 ; gain = 611.609
---------------------------------------------------------------------------------
---------------------------------------------------------------------------------
Start Applying XDC Timing Constraints
---------------------------------------------------------------------------------
---------------------------------------------------------------------------------
Finished Applying XDC Timing Constraints : Time (s): cpu = 00:00:35 ; elapsed = 00:00:38 . Memory (MB): peak = 1503.723 ; gain = 611.609
---------------------------------------------------------------------------------
---------------------------------------------------------------------------------
Start Timing Optimization
---------------------------------------------------------------------------------
---------------------------------------------------------------------------------
Finished Timing Optimization : Time (s): cpu = 00:00:35 ; elapsed = 00:00:38 . Memory (MB): peak = 1503.723 ; gain = 611.609
---------------------------------------------------------------------------------
---------------------------------------------------------------------------------
Start Technology Mapping
---------------------------------------------------------------------------------
---------------------------------------------------------------------------------
Finished Technology Mapping : Time (s): cpu = 00:00:35 ; elapsed = 00:00:38 . Memory (MB): peak = 1503.723 ; gain = 611.609
---------------------------------------------------------------------------------
---------------------------------------------------------------------------------
Start IO Insertion
---------------------------------------------------------------------------------
---------------------------------------------------------------------------------
Start Flattening Before IO Insertion
---------------------------------------------------------------------------------
---------------------------------------------------------------------------------
Finished Flattening Before IO Insertion
---------------------------------------------------------------------------------
---------------------------------------------------------------------------------
Start Final Netlist Cleanup
---------------------------------------------------------------------------------
---------------------------------------------------------------------------------
Finished Final Netlist Cleanup
---------------------------------------------------------------------------------
---------------------------------------------------------------------------------
Finished IO Insertion : Time (s): cpu = 00:00:43 ; elapsed = 00:00:46 . Memory (MB): peak = 1503.723 ; gain = 611.609
---------------------------------------------------------------------------------
---------------------------------------------------------------------------------
Start Renaming Generated Instances
---------------------------------------------------------------------------------
---------------------------------------------------------------------------------
Finished Renaming Generated Instances : Time (s): cpu = 00:00:43 ; elapsed = 00:00:46 . Memory (MB): peak = 1503.723 ; gain = 611.609
---------------------------------------------------------------------------------
---------------------------------------------------------------------------------
Start Rebuilding User Hierarchy
---------------------------------------------------------------------------------
---------------------------------------------------------------------------------
Finished Rebuilding User Hierarchy : Time (s): cpu = 00:00:43 ; elapsed = 00:00:46 . Memory (MB): peak = 1503.723 ; gain = 611.609
---------------------------------------------------------------------------------
---------------------------------------------------------------------------------
Start Renaming Generated Ports
---------------------------------------------------------------------------------
---------------------------------------------------------------------------------
Finished Renaming Generated Ports : Time (s): cpu = 00:00:43 ; elapsed = 00:00:46 . Memory (MB): peak = 1503.723 ; gain = 611.609
---------------------------------------------------------------------------------
---------------------------------------------------------------------------------
Start Handling Custom Attributes
---------------------------------------------------------------------------------
---------------------------------------------------------------------------------
Finished Handling Custom Attributes : Time (s): cpu = 00:00:43 ; elapsed = 00:00:46 . Memory (MB): peak = 1503.723 ; gain = 611.609
---------------------------------------------------------------------------------
---------------------------------------------------------------------------------
Start Renaming Generated Nets
---------------------------------------------------------------------------------
---------------------------------------------------------------------------------
Finished Renaming Generated Nets : Time (s): cpu = 00:00:43 ; elapsed = 00:00:46 . Memory (MB): peak = 1503.723 ; gain = 611.609
---------------------------------------------------------------------------------
---------------------------------------------------------------------------------
Start Writing Synthesis Report
---------------------------------------------------------------------------------

Report BlackBoxes: 
+-+--------------+----------+
| |BlackBox name |Instances |
+-+--------------+----------+
+-+--------------+----------+

Report Cell Usage: 
+------+-------+------+
|      |Cell   |Count |
+------+-------+------+
|1     |BUFG   |     1|
|2     |CARRY4 |     4|
|3     |LUT1   |     9|
|4     |LUT2   |    13|
|5     |LUT3   |     6|
|6     |LUT4   |    30|
|7     |LUT6   |     2|
|8     |FDRE   |    50|
|9     |FDSE   |     1|
|10    |IBUF   |     3|
|11    |OBUF   |    15|
+------+-------+------+
---------------------------------------------------------------------------------
Finished Writing Synthesis Report : Time (s): cpu = 00:00:43 ; elapsed = 00:00:46 . Memory (MB): peak = 1503.723 ; gain = 611.609
---------------------------------------------------------------------------------
Synthesis finished with 0 errors, 0 critical warnings and 1 warnings.
Synthesis Optimization Runtime : Time (s): cpu = 00:00:30 ; elapsed = 00:00:43 . Memory (MB): peak = 1503.723 ; gain = 559.812
Synthesis Optimization Complete : Time (s): cpu = 00:00:43 ; elapsed = 00:00:46 . Memory (MB): peak = 1503.723 ; gain = 611.609
INFO: [Project 1-571] Translating synthesized netlist
Netlist sorting complete. Time (s): cpu = 00:00:00 ; elapsed = 00:00:00.001 . Memory (MB): peak = 1503.723 ; gain = 0.000
INFO: [Netlist 29-17] Analyzing 4 Unisim elements for replacement
INFO: [Netlist 29-28] Unisim Transformation completed in 0 CPU seconds
INFO: [Project 1-570] Preparing netlist for logic optimization
INFO: [Opt 31-138] Pushed 0 inverter(s) to 0 load pin(s).
Netlist sorting complete. Time (s): cpu = 00:00:00 ; elapsed = 00:00:00 . Memory (MB): peak = 1503.723 ; gain = 0.000
INFO: [Project 1-111] Unisim Transformation Summary:
No Unisim elements were transformed.

Synth Design complete | Checksum: 96d39e84
INFO: [Common 17-83] Releasing license: Synthesis
41 Infos, 21 Warnings, 1 Critical Warnings and 0 Errors encountered.
synth_design completed successfully
synth_design: Time (s): cpu = 00:00:51 ; elapsed = 00:00:55 . Memory (MB): peak = 1503.723 ; gain = 1010.387
INFO: [runtcl-6] Synthesis results are not added to the cache due to CRITICAL_WARNING
Write ShapeDB Complete: Time (s): cpu = 00:00:00 ; elapsed = 00:00:00.001 . Memory (MB): peak = 1503.723 ; gain = 0.000
INFO: [Common 17-1381] The checkpoint 'E:/FAX/digitalnoNacrt/vaje4/vaje4.runs/synth_1/stopwatch.dcp' has been generated.
INFO: [Vivado 12-24828] Executing command : report_utilization -file stopwatch_utilization_synth.rpt -pb stopwatch_utilization_synth.pb
INFO: [Common 17-206] Exiting Vivado at Tue Nov 12 00:39:57 2024...
