INFO: [VRFC 10-2263] Analyzing Verilog file "/home/luka/FPGA/digitalnoNacrt/xadc/xadc.sim/sim_1/synth/func/xsim/top_func_synth.v" into library xil_defaultlib
INFO: [VRFC 10-311] analyzing module GPI
INFO: [VRFC 10-311] analyzing module GPO
INFO: [VRFC 10-311] analyzing module GP_counter
INFO: [VRFC 10-311] analyzing module SevSegDisplay
INFO: [VRFC 10-311] analyzing module SevSegDisplay_core
INFO: [VRFC 10-311] analyzing module anode_assert
INFO: [VRFC 10-311] analyzing module microblaze_mcs_0
INFO: [VRFC 10-311] analyzing module microblaze_mcs_0_bd_fc5c_0
INFO: [VRFC 10-311] analyzing module microblaze_mcs_0_bd_fc5c_0_dlmb_0
INFO: [VRFC 10-311] analyzing module microblaze_mcs_0_bd_fc5c_0_dlmb_cntlr_0
INFO: [VRFC 10-311] analyzing module microblaze_mcs_0_bd_fc5c_0_ilmb_0
INFO: [VRFC 10-311] analyzing module microblaze_mcs_0_bd_fc5c_0_ilmb_cntlr_0
INFO: [VRFC 10-311] analyzing module microblaze_mcs_0_bd_fc5c_0_iomodule_0_0
INFO: [VRFC 10-311] analyzing module microblaze_mcs_0_bd_fc5c_0_lmb_bram_I_0
INFO: [VRFC 10-311] analyzing module microblaze_mcs_0_bd_fc5c_0_microblaze_I_0
INFO: [VRFC 10-311] analyzing module microblaze_mcs_0_bd_fc5c_0_rst_0_0
INFO: [VRFC 10-311] analyzing module microblaze_mcs_0_cdc_sync
INFO: [VRFC 10-311] analyzing module microblaze_mcs_0_iomodule
INFO: [VRFC 10-311] analyzing module microblaze_mcs_0_lmb_bram_if_cntlr
INFO: [VRFC 10-311] analyzing module microblaze_mcs_0_lmb_bram_if_cntlr__parameterized1
INFO: [VRFC 10-311] analyzing module microblaze_mcs_0_lmb_v10
INFO: [VRFC 10-311] analyzing module microblaze_mcs_0_lpf
INFO: [VRFC 10-311] analyzing module microblaze_mcs_0_proc_sys_reset
INFO: [VRFC 10-311] analyzing module microblaze_mcs_0_sequence_psr
INFO: [VRFC 10-311] analyzing module microblaze_mcs_0_upcnt_n
INFO: [VRFC 10-311] analyzing module mmio_subsystem
INFO: [VRFC 10-311] analyzing module timer
INFO: [VRFC 10-311] analyzing module top
INFO: [VRFC 10-311] analyzing module value_to_digit
INFO: [VRFC 10-311] analyzing module xadc
INFO: [VRFC 10-311] analyzing module xadc_ip
INFO: [VRFC 10-311] analyzing module microblaze_mcs_0_ALU
INFO: [VRFC 10-311] analyzing module microblaze_mcs_0_ALU_Bit
INFO: [VRFC 10-311] analyzing module microblaze_mcs_0_ALU_Bit_623
INFO: [VRFC 10-311] analyzing module microblaze_mcs_0_ALU_Bit_624
INFO: [VRFC 10-311] analyzing module microblaze_mcs_0_ALU_Bit_625
INFO: [VRFC 10-311] analyzing module microblaze_mcs_0_ALU_Bit_626
INFO: [VRFC 10-311] analyzing module microblaze_mcs_0_ALU_Bit_627
INFO: [VRFC 10-311] analyzing module microblaze_mcs_0_ALU_Bit_628
INFO: [VRFC 10-311] analyzing module microblaze_mcs_0_ALU_Bit_629
INFO: [VRFC 10-311] analyzing module microblaze_mcs_0_ALU_Bit_630
INFO: [VRFC 10-311] analyzing module microblaze_mcs_0_ALU_Bit_631
INFO: [VRFC 10-311] analyzing module microblaze_mcs_0_ALU_Bit_632
INFO: [VRFC 10-311] analyzing module microblaze_mcs_0_ALU_Bit_633
INFO: [VRFC 10-311] analyzing module microblaze_mcs_0_ALU_Bit_634
INFO: [VRFC 10-311] analyzing module microblaze_mcs_0_ALU_Bit_635
INFO: [VRFC 10-311] analyzing module microblaze_mcs_0_ALU_Bit_636
INFO: [VRFC 10-311] analyzing module microblaze_mcs_0_ALU_Bit_637
INFO: [VRFC 10-311] analyzing module microblaze_mcs_0_ALU_Bit_638
INFO: [VRFC 10-311] analyzing module microblaze_mcs_0_ALU_Bit_639
INFO: [VRFC 10-311] analyzing module microblaze_mcs_0_ALU_Bit_640
INFO: [VRFC 10-311] analyzing module microblaze_mcs_0_ALU_Bit_641
INFO: [VRFC 10-311] analyzing module microblaze_mcs_0_ALU_Bit_642
INFO: [VRFC 10-311] analyzing module microblaze_mcs_0_ALU_Bit_643
INFO: [VRFC 10-311] analyzing module microblaze_mcs_0_ALU_Bit_644
INFO: [VRFC 10-311] analyzing module microblaze_mcs_0_ALU_Bit_645
INFO: [VRFC 10-311] analyzing module microblaze_mcs_0_ALU_Bit_646
INFO: [VRFC 10-311] analyzing module microblaze_mcs_0_ALU_Bit_647
INFO: [VRFC 10-311] analyzing module microblaze_mcs_0_ALU_Bit_648
INFO: [VRFC 10-311] analyzing module microblaze_mcs_0_ALU_Bit_649
INFO: [VRFC 10-311] analyzing module microblaze_mcs_0_ALU_Bit_650
INFO: [VRFC 10-311] analyzing module microblaze_mcs_0_ALU_Bit_651
INFO: [VRFC 10-311] analyzing module microblaze_mcs_0_ALU_Bit_652
INFO: [VRFC 10-311] analyzing module microblaze_mcs_0_ALU_Bit__parameterized2
INFO: [VRFC 10-311] analyzing module microblaze_mcs_0_Byte_Doublet_Handle
INFO: [VRFC 10-311] analyzing module microblaze_mcs_0_Data_Flow
INFO: [VRFC 10-311] analyzing module microblaze_mcs_0_Decode
INFO: [VRFC 10-311] analyzing module microblaze_mcs_0_MB_FDE
INFO: [VRFC 10-311] analyzing module microblaze_mcs_0_MB_FDE_496
INFO: [VRFC 10-311] analyzing module microblaze_mcs_0_MB_FDE_500
INFO: [VRFC 10-311] analyzing module microblaze_mcs_0_MB_FDE_504
INFO: [VRFC 10-311] analyzing module microblaze_mcs_0_MB_FDE_508
INFO: [VRFC 10-311] analyzing module microblaze_mcs_0_MB_FDE_512
INFO: [VRFC 10-311] analyzing module microblaze_mcs_0_MB_FDE_516
INFO: [VRFC 10-311] analyzing module microblaze_mcs_0_MB_FDE_520
INFO: [VRFC 10-311] analyzing module microblaze_mcs_0_MB_FDE_524
INFO: [VRFC 10-311] analyzing module microblaze_mcs_0_MB_FDE_528
INFO: [VRFC 10-311] analyzing module microblaze_mcs_0_MB_FDE_532
INFO: [VRFC 10-311] analyzing module microblaze_mcs_0_MB_FDE_536
INFO: [VRFC 10-311] analyzing module microblaze_mcs_0_MB_FDE_540
INFO: [VRFC 10-311] analyzing module microblaze_mcs_0_MB_FDE_544
INFO: [VRFC 10-311] analyzing module microblaze_mcs_0_MB_FDE_548
INFO: [VRFC 10-311] analyzing module microblaze_mcs_0_MB_FDE_552
INFO: [VRFC 10-311] analyzing module microblaze_mcs_0_MB_FDE_556
INFO: [VRFC 10-311] analyzing module microblaze_mcs_0_MB_FDE_560
INFO: [VRFC 10-311] analyzing module microblaze_mcs_0_MB_FDE_564
INFO: [VRFC 10-311] analyzing module microblaze_mcs_0_MB_FDE_568
INFO: [VRFC 10-311] analyzing module microblaze_mcs_0_MB_FDE_572
INFO: [VRFC 10-311] analyzing module microblaze_mcs_0_MB_FDE_576
INFO: [VRFC 10-311] analyzing module microblaze_mcs_0_MB_FDE_580
INFO: [VRFC 10-311] analyzing module microblaze_mcs_0_MB_FDE_584
INFO: [VRFC 10-311] analyzing module microblaze_mcs_0_MB_FDE_588
INFO: [VRFC 10-311] analyzing module microblaze_mcs_0_MB_FDE_592
INFO: [VRFC 10-311] analyzing module microblaze_mcs_0_MB_FDE_596
INFO: [VRFC 10-311] analyzing module microblaze_mcs_0_MB_FDE_600
INFO: [VRFC 10-311] analyzing module microblaze_mcs_0_MB_FDE_604
INFO: [VRFC 10-311] analyzing module microblaze_mcs_0_MB_FDE_608
INFO: [VRFC 10-311] analyzing module microblaze_mcs_0_MB_FDE_612
INFO: [VRFC 10-311] analyzing module microblaze_mcs_0_MB_FDE_616
INFO: [VRFC 10-311] analyzing module microblaze_mcs_0_MB_FDRSE
INFO: [VRFC 10-311] analyzing module microblaze_mcs_0_MB_FDRSE_619
INFO: [VRFC 10-311] analyzing module microblaze_mcs_0_MB_FDRSE_620
INFO: [VRFC 10-311] analyzing module microblaze_mcs_0_MB_FDRSE_621
INFO: [VRFC 10-311] analyzing module microblaze_mcs_0_MB_FDS
INFO: [VRFC 10-311] analyzing module microblaze_mcs_0_MB_FDS_26
INFO: [VRFC 10-311] analyzing module microblaze_mcs_0_MB_FDS_28
INFO: [VRFC 10-311] analyzing module microblaze_mcs_0_MB_LUT2
INFO: [VRFC 10-311] analyzing module microblaze_mcs_0_MB_LUT4
INFO: [VRFC 10-311] analyzing module microblaze_mcs_0_MB_LUT4__parameterized1
INFO: [VRFC 10-311] analyzing module microblaze_mcs_0_MB_LUT4__parameterized11
INFO: [VRFC 10-311] analyzing module microblaze_mcs_0_MB_LUT4__parameterized13
INFO: [VRFC 10-311] analyzing module microblaze_mcs_0_MB_LUT4__parameterized15
INFO: [VRFC 10-311] analyzing module microblaze_mcs_0_MB_LUT4__parameterized15_102
INFO: [VRFC 10-311] analyzing module microblaze_mcs_0_MB_LUT4__parameterized15_105
INFO: [VRFC 10-311] analyzing module microblaze_mcs_0_MB_LUT4__parameterized15_108
INFO: [VRFC 10-311] analyzing module microblaze_mcs_0_MB_LUT4__parameterized15_111
INFO: [VRFC 10-311] analyzing module microblaze_mcs_0_MB_LUT4__parameterized15_114
INFO: [VRFC 10-311] analyzing module microblaze_mcs_0_MB_LUT4__parameterized15_117
INFO: [VRFC 10-311] analyzing module microblaze_mcs_0_MB_LUT4__parameterized15_120
INFO: [VRFC 10-311] analyzing module microblaze_mcs_0_MB_LUT4__parameterized15_123
INFO: [VRFC 10-311] analyzing module microblaze_mcs_0_MB_LUT4__parameterized15_126
INFO: [VRFC 10-311] analyzing module microblaze_mcs_0_MB_LUT4__parameterized15_129
INFO: [VRFC 10-311] analyzing module microblaze_mcs_0_MB_LUT4__parameterized15_132
INFO: [VRFC 10-311] analyzing module microblaze_mcs_0_MB_LUT4__parameterized15_135
INFO: [VRFC 10-311] analyzing module microblaze_mcs_0_MB_LUT4__parameterized15_138
INFO: [VRFC 10-311] analyzing module microblaze_mcs_0_MB_LUT4__parameterized15_141
INFO: [VRFC 10-311] analyzing module microblaze_mcs_0_MB_LUT4__parameterized15_144
INFO: [VRFC 10-311] analyzing module microblaze_mcs_0_MB_LUT4__parameterized15_147
INFO: [VRFC 10-311] analyzing module microblaze_mcs_0_MB_LUT4__parameterized15_150
INFO: [VRFC 10-311] analyzing module microblaze_mcs_0_MB_LUT4__parameterized15_153
INFO: [VRFC 10-311] analyzing module microblaze_mcs_0_MB_LUT4__parameterized15_156
INFO: [VRFC 10-311] analyzing module microblaze_mcs_0_MB_LUT4__parameterized15_159
INFO: [VRFC 10-311] analyzing module microblaze_mcs_0_MB_LUT4__parameterized15_162
INFO: [VRFC 10-311] analyzing module microblaze_mcs_0_MB_LUT4__parameterized15_165
INFO: [VRFC 10-311] analyzing module microblaze_mcs_0_MB_LUT4__parameterized15_168
INFO: [VRFC 10-311] analyzing module microblaze_mcs_0_MB_LUT4__parameterized15_171
INFO: [VRFC 10-311] analyzing module microblaze_mcs_0_MB_LUT4__parameterized15_174
INFO: [VRFC 10-311] analyzing module microblaze_mcs_0_MB_LUT4__parameterized15_177
INFO: [VRFC 10-311] analyzing module microblaze_mcs_0_MB_LUT4__parameterized15_180
INFO: [VRFC 10-311] analyzing module microblaze_mcs_0_MB_LUT4__parameterized15_183
INFO: [VRFC 10-311] analyzing module microblaze_mcs_0_MB_LUT4__parameterized15_186
INFO: [VRFC 10-311] analyzing module microblaze_mcs_0_MB_LUT4__parameterized15_189
INFO: [VRFC 10-311] analyzing module microblaze_mcs_0_MB_LUT4__parameterized15_99
INFO: [VRFC 10-311] analyzing module microblaze_mcs_0_MB_LUT4__parameterized17
INFO: [VRFC 10-311] analyzing module microblaze_mcs_0_MB_LUT4__parameterized17_100
INFO: [VRFC 10-311] analyzing module microblaze_mcs_0_MB_LUT4__parameterized17_103
INFO: [VRFC 10-311] analyzing module microblaze_mcs_0_MB_LUT4__parameterized17_106
INFO: [VRFC 10-311] analyzing module microblaze_mcs_0_MB_LUT4__parameterized17_109
INFO: [VRFC 10-311] analyzing module microblaze_mcs_0_MB_LUT4__parameterized17_112
INFO: [VRFC 10-311] analyzing module microblaze_mcs_0_MB_LUT4__parameterized17_115
INFO: [VRFC 10-311] analyzing module microblaze_mcs_0_MB_LUT4__parameterized17_118
INFO: [VRFC 10-311] analyzing module microblaze_mcs_0_MB_LUT4__parameterized17_121
INFO: [VRFC 10-311] analyzing module microblaze_mcs_0_MB_LUT4__parameterized17_124
INFO: [VRFC 10-311] analyzing module microblaze_mcs_0_MB_LUT4__parameterized17_127
INFO: [VRFC 10-311] analyzing module microblaze_mcs_0_MB_LUT4__parameterized17_130
INFO: [VRFC 10-311] analyzing module microblaze_mcs_0_MB_LUT4__parameterized17_133
INFO: [VRFC 10-311] analyzing module microblaze_mcs_0_MB_LUT4__parameterized17_136
INFO: [VRFC 10-311] analyzing module microblaze_mcs_0_MB_LUT4__parameterized17_139
INFO: [VRFC 10-311] analyzing module microblaze_mcs_0_MB_LUT4__parameterized17_142
INFO: [VRFC 10-311] analyzing module microblaze_mcs_0_MB_LUT4__parameterized17_145
INFO: [VRFC 10-311] analyzing module microblaze_mcs_0_MB_LUT4__parameterized17_148
INFO: [VRFC 10-311] analyzing module microblaze_mcs_0_MB_LUT4__parameterized17_151
INFO: [VRFC 10-311] analyzing module microblaze_mcs_0_MB_LUT4__parameterized17_154
INFO: [VRFC 10-311] analyzing module microblaze_mcs_0_MB_LUT4__parameterized17_157
INFO: [VRFC 10-311] analyzing module microblaze_mcs_0_MB_LUT4__parameterized17_160
INFO: [VRFC 10-311] analyzing module microblaze_mcs_0_MB_LUT4__parameterized17_163
INFO: [VRFC 10-311] analyzing module microblaze_mcs_0_MB_LUT4__parameterized17_166
INFO: [VRFC 10-311] analyzing module microblaze_mcs_0_MB_LUT4__parameterized17_169
INFO: [VRFC 10-311] analyzing module microblaze_mcs_0_MB_LUT4__parameterized17_172
INFO: [VRFC 10-311] analyzing module microblaze_mcs_0_MB_LUT4__parameterized17_175
INFO: [VRFC 10-311] analyzing module microblaze_mcs_0_MB_LUT4__parameterized17_178
INFO: [VRFC 10-311] analyzing module microblaze_mcs_0_MB_LUT4__parameterized17_181
INFO: [VRFC 10-311] analyzing module microblaze_mcs_0_MB_LUT4__parameterized17_184
INFO: [VRFC 10-311] analyzing module microblaze_mcs_0_MB_LUT4__parameterized17_187
INFO: [VRFC 10-311] analyzing module microblaze_mcs_0_MB_LUT4__parameterized17_190
INFO: [VRFC 10-311] analyzing module microblaze_mcs_0_MB_LUT4__parameterized19
INFO: [VRFC 10-311] analyzing module microblaze_mcs_0_MB_LUT4__parameterized19_224
INFO: [VRFC 10-311] analyzing module microblaze_mcs_0_MB_LUT4__parameterized19_226
INFO: [VRFC 10-311] analyzing module microblaze_mcs_0_MB_LUT4__parameterized19_228
INFO: [VRFC 10-311] analyzing module microblaze_mcs_0_MB_LUT4__parameterized19_230
INFO: [VRFC 10-311] analyzing module microblaze_mcs_0_MB_LUT4__parameterized19_232
INFO: [VRFC 10-311] analyzing module microblaze_mcs_0_MB_LUT4__parameterized19_234
INFO: [VRFC 10-311] analyzing module microblaze_mcs_0_MB_LUT4__parameterized19_236
INFO: [VRFC 10-311] analyzing module microblaze_mcs_0_MB_LUT4__parameterized19_238
INFO: [VRFC 10-311] analyzing module microblaze_mcs_0_MB_LUT4__parameterized19_240
INFO: [VRFC 10-311] analyzing module microblaze_mcs_0_MB_LUT4__parameterized19_242
INFO: [VRFC 10-311] analyzing module microblaze_mcs_0_MB_LUT4__parameterized19_244
INFO: [VRFC 10-311] analyzing module microblaze_mcs_0_MB_LUT4__parameterized19_246
INFO: [VRFC 10-311] analyzing module microblaze_mcs_0_MB_LUT4__parameterized19_248
INFO: [VRFC 10-311] analyzing module microblaze_mcs_0_MB_LUT4__parameterized19_250
INFO: [VRFC 10-311] analyzing module microblaze_mcs_0_MB_LUT4__parameterized19_252
INFO: [VRFC 10-311] analyzing module microblaze_mcs_0_MB_LUT4__parameterized19_254
INFO: [VRFC 10-311] analyzing module microblaze_mcs_0_MB_LUT4__parameterized19_256
INFO: [VRFC 10-311] analyzing module microblaze_mcs_0_MB_LUT4__parameterized19_258
INFO: [VRFC 10-311] analyzing module microblaze_mcs_0_MB_LUT4__parameterized19_260
INFO: [VRFC 10-311] analyzing module microblaze_mcs_0_MB_LUT4__parameterized19_262
INFO: [VRFC 10-311] analyzing module microblaze_mcs_0_MB_LUT4__parameterized19_264
INFO: [VRFC 10-311] analyzing module microblaze_mcs_0_MB_LUT4__parameterized19_266
INFO: [VRFC 10-311] analyzing module microblaze_mcs_0_MB_LUT4__parameterized19_268
INFO: [VRFC 10-311] analyzing module microblaze_mcs_0_MB_LUT4__parameterized19_270
INFO: [VRFC 10-311] analyzing module microblaze_mcs_0_MB_LUT4__parameterized19_272
INFO: [VRFC 10-311] analyzing module microblaze_mcs_0_MB_LUT4__parameterized19_274
INFO: [VRFC 10-311] analyzing module microblaze_mcs_0_MB_LUT4__parameterized19_276
INFO: [VRFC 10-311] analyzing module microblaze_mcs_0_MB_LUT4__parameterized19_278
INFO: [VRFC 10-311] analyzing module microblaze_mcs_0_MB_LUT4__parameterized19_280
INFO: [VRFC 10-311] analyzing module microblaze_mcs_0_MB_LUT4__parameterized19_282
INFO: [VRFC 10-311] analyzing module microblaze_mcs_0_MB_LUT4__parameterized19_284
INFO: [VRFC 10-311] analyzing module microblaze_mcs_0_MB_LUT4__parameterized21
INFO: [VRFC 10-311] analyzing module microblaze_mcs_0_MB_LUT4__parameterized21_399
INFO: [VRFC 10-311] analyzing module microblaze_mcs_0_MB_LUT4__parameterized21_404
INFO: [VRFC 10-311] analyzing module microblaze_mcs_0_MB_LUT4__parameterized21_409
INFO: [VRFC 10-311] analyzing module microblaze_mcs_0_MB_LUT4__parameterized21_414
INFO: [VRFC 10-311] analyzing module microblaze_mcs_0_MB_LUT4__parameterized21_419
INFO: [VRFC 10-311] analyzing module microblaze_mcs_0_MB_LUT4__parameterized21_424
INFO: [VRFC 10-311] analyzing module microblaze_mcs_0_MB_LUT4__parameterized21_429
INFO: [VRFC 10-311] analyzing module microblaze_mcs_0_MB_LUT4__parameterized21_434
INFO: [VRFC 10-311] analyzing module microblaze_mcs_0_MB_LUT4__parameterized21_439
INFO: [VRFC 10-311] analyzing module microblaze_mcs_0_MB_LUT4__parameterized21_444
INFO: [VRFC 10-311] analyzing module microblaze_mcs_0_MB_LUT4__parameterized21_449
INFO: [VRFC 10-311] analyzing module microblaze_mcs_0_MB_LUT4__parameterized21_454
INFO: [VRFC 10-311] analyzing module microblaze_mcs_0_MB_LUT4__parameterized21_459
INFO: [VRFC 10-311] analyzing module microblaze_mcs_0_MB_LUT4__parameterized21_464
INFO: [VRFC 10-311] analyzing module microblaze_mcs_0_MB_LUT4__parameterized23
INFO: [VRFC 10-311] analyzing module microblaze_mcs_0_MB_LUT4__parameterized23_397
INFO: [VRFC 10-311] analyzing module microblaze_mcs_0_MB_LUT4__parameterized23_402
INFO: [VRFC 10-311] analyzing module microblaze_mcs_0_MB_LUT4__parameterized23_407
INFO: [VRFC 10-311] analyzing module microblaze_mcs_0_MB_LUT4__parameterized23_412
INFO: [VRFC 10-311] analyzing module microblaze_mcs_0_MB_LUT4__parameterized23_417
INFO: [VRFC 10-311] analyzing module microblaze_mcs_0_MB_LUT4__parameterized23_422
INFO: [VRFC 10-311] analyzing module microblaze_mcs_0_MB_LUT4__parameterized23_427
INFO: [VRFC 10-311] analyzing module microblaze_mcs_0_MB_LUT4__parameterized23_432
INFO: [VRFC 10-311] analyzing module microblaze_mcs_0_MB_LUT4__parameterized23_437
INFO: [VRFC 10-311] analyzing module microblaze_mcs_0_MB_LUT4__parameterized23_442
INFO: [VRFC 10-311] analyzing module microblaze_mcs_0_MB_LUT4__parameterized23_447
INFO: [VRFC 10-311] analyzing module microblaze_mcs_0_MB_LUT4__parameterized23_452
INFO: [VRFC 10-311] analyzing module microblaze_mcs_0_MB_LUT4__parameterized23_457
INFO: [VRFC 10-311] analyzing module microblaze_mcs_0_MB_LUT4__parameterized23_462
INFO: [VRFC 10-311] analyzing module microblaze_mcs_0_MB_LUT4__parameterized3
INFO: [VRFC 10-311] analyzing module microblaze_mcs_0_MB_LUT4__parameterized3_22
INFO: [VRFC 10-311] analyzing module microblaze_mcs_0_MB_LUT4__parameterized5
INFO: [VRFC 10-311] analyzing module microblaze_mcs_0_MB_LUT4__parameterized5_13
INFO: [VRFC 10-311] analyzing module microblaze_mcs_0_MB_LUT4__parameterized5_14
INFO: [VRFC 10-311] analyzing module microblaze_mcs_0_MB_LUT4__parameterized5_15
INFO: [VRFC 10-311] analyzing module microblaze_mcs_0_MB_LUT4__parameterized7
INFO: [VRFC 10-311] analyzing module microblaze_mcs_0_MB_LUT4__parameterized7_17
INFO: [VRFC 10-311] analyzing module microblaze_mcs_0_MB_LUT4__parameterized9
INFO: [VRFC 10-311] analyzing module microblaze_mcs_0_MB_LUT5
INFO: [VRFC 10-311] analyzing module microblaze_mcs_0_MB_LUT5__parameterized1
INFO: [VRFC 10-311] analyzing module microblaze_mcs_0_MB_LUT6_2
INFO: [VRFC 10-311] analyzing module microblaze_mcs_0_MB_LUT6_2_493
INFO: [VRFC 10-311] analyzing module microblaze_mcs_0_MB_LUT6_2_497
INFO: [VRFC 10-311] analyzing module microblaze_mcs_0_MB_LUT6_2_501
INFO: [VRFC 10-311] analyzing module microblaze_mcs_0_MB_LUT6_2_505
INFO: [VRFC 10-311] analyzing module microblaze_mcs_0_MB_LUT6_2_509
INFO: [VRFC 10-311] analyzing module microblaze_mcs_0_MB_LUT6_2_513
INFO: [VRFC 10-311] analyzing module microblaze_mcs_0_MB_LUT6_2_517
INFO: [VRFC 10-311] analyzing module microblaze_mcs_0_MB_LUT6_2_521
INFO: [VRFC 10-311] analyzing module microblaze_mcs_0_MB_LUT6_2_525
INFO: [VRFC 10-311] analyzing module microblaze_mcs_0_MB_LUT6_2_529
INFO: [VRFC 10-311] analyzing module microblaze_mcs_0_MB_LUT6_2_533
INFO: [VRFC 10-311] analyzing module microblaze_mcs_0_MB_LUT6_2_537
INFO: [VRFC 10-311] analyzing module microblaze_mcs_0_MB_LUT6_2_541
INFO: [VRFC 10-311] analyzing module microblaze_mcs_0_MB_LUT6_2_545
INFO: [VRFC 10-311] analyzing module microblaze_mcs_0_MB_LUT6_2_549
INFO: [VRFC 10-311] analyzing module microblaze_mcs_0_MB_LUT6_2_553
INFO: [VRFC 10-311] analyzing module microblaze_mcs_0_MB_LUT6_2_557
INFO: [VRFC 10-311] analyzing module microblaze_mcs_0_MB_LUT6_2_561
INFO: [VRFC 10-311] analyzing module microblaze_mcs_0_MB_LUT6_2_565
INFO: [VRFC 10-311] analyzing module microblaze_mcs_0_MB_LUT6_2_569
INFO: [VRFC 10-311] analyzing module microblaze_mcs_0_MB_LUT6_2_573
INFO: [VRFC 10-311] analyzing module microblaze_mcs_0_MB_LUT6_2_577
INFO: [VRFC 10-311] analyzing module microblaze_mcs_0_MB_LUT6_2_581
INFO: [VRFC 10-311] analyzing module microblaze_mcs_0_MB_LUT6_2_585
INFO: [VRFC 10-311] analyzing module microblaze_mcs_0_MB_LUT6_2_589
INFO: [VRFC 10-311] analyzing module microblaze_mcs_0_MB_LUT6_2_593
INFO: [VRFC 10-311] analyzing module microblaze_mcs_0_MB_LUT6_2_597
INFO: [VRFC 10-311] analyzing module microblaze_mcs_0_MB_LUT6_2_601
INFO: [VRFC 10-311] analyzing module microblaze_mcs_0_MB_LUT6_2_605
INFO: [VRFC 10-311] analyzing module microblaze_mcs_0_MB_LUT6_2_609
INFO: [VRFC 10-311] analyzing module microblaze_mcs_0_MB_LUT6_2_613
INFO: [VRFC 10-311] analyzing module microblaze_mcs_0_MB_LUT6_2__parameterized10
INFO: [VRFC 10-311] analyzing module microblaze_mcs_0_MB_LUT6_2__parameterized12
INFO: [VRFC 10-311] analyzing module microblaze_mcs_0_MB_LUT6_2__parameterized14
INFO: [VRFC 10-311] analyzing module microblaze_mcs_0_MB_LUT6_2__parameterized16
INFO: [VRFC 10-311] analyzing module microblaze_mcs_0_MB_LUT6_2__parameterized16_717
INFO: [VRFC 10-311] analyzing module microblaze_mcs_0_MB_LUT6_2__parameterized16_718
INFO: [VRFC 10-311] analyzing module microblaze_mcs_0_MB_LUT6_2__parameterized16_719
INFO: [VRFC 10-311] analyzing module microblaze_mcs_0_MB_LUT6_2__parameterized16_720
INFO: [VRFC 10-311] analyzing module microblaze_mcs_0_MB_LUT6_2__parameterized16_721
INFO: [VRFC 10-311] analyzing module microblaze_mcs_0_MB_LUT6_2__parameterized16_722
INFO: [VRFC 10-311] analyzing module microblaze_mcs_0_MB_LUT6_2__parameterized16_723
INFO: [VRFC 10-311] analyzing module microblaze_mcs_0_MB_LUT6_2__parameterized16_724
INFO: [VRFC 10-311] analyzing module microblaze_mcs_0_MB_LUT6_2__parameterized16_725
INFO: [VRFC 10-311] analyzing module microblaze_mcs_0_MB_LUT6_2__parameterized16_726
INFO: [VRFC 10-311] analyzing module microblaze_mcs_0_MB_LUT6_2__parameterized16_727
INFO: [VRFC 10-311] analyzing module microblaze_mcs_0_MB_LUT6_2__parameterized2
INFO: [VRFC 10-311] analyzing module microblaze_mcs_0_MB_LUT6_2__parameterized2_654
INFO: [VRFC 10-311] analyzing module microblaze_mcs_0_MB_LUT6_2__parameterized2_656
INFO: [VRFC 10-311] analyzing module microblaze_mcs_0_MB_LUT6_2__parameterized2_658
INFO: [VRFC 10-311] analyzing module microblaze_mcs_0_MB_LUT6_2__parameterized2_660
INFO: [VRFC 10-311] analyzing module microblaze_mcs_0_MB_LUT6_2__parameterized2_662
INFO: [VRFC 10-311] analyzing module microblaze_mcs_0_MB_LUT6_2__parameterized2_664
INFO: [VRFC 10-311] analyzing module microblaze_mcs_0_MB_LUT6_2__parameterized2_666
INFO: [VRFC 10-311] analyzing module microblaze_mcs_0_MB_LUT6_2__parameterized2_668
INFO: [VRFC 10-311] analyzing module microblaze_mcs_0_MB_LUT6_2__parameterized2_670
INFO: [VRFC 10-311] analyzing module microblaze_mcs_0_MB_LUT6_2__parameterized2_672
INFO: [VRFC 10-311] analyzing module microblaze_mcs_0_MB_LUT6_2__parameterized2_674
INFO: [VRFC 10-311] analyzing module microblaze_mcs_0_MB_LUT6_2__parameterized2_676
INFO: [VRFC 10-311] analyzing module microblaze_mcs_0_MB_LUT6_2__parameterized2_678
INFO: [VRFC 10-311] analyzing module microblaze_mcs_0_MB_LUT6_2__parameterized2_680
INFO: [VRFC 10-311] analyzing module microblaze_mcs_0_MB_LUT6_2__parameterized2_682
INFO: [VRFC 10-311] analyzing module microblaze_mcs_0_MB_LUT6_2__parameterized2_684
INFO: [VRFC 10-311] analyzing module microblaze_mcs_0_MB_LUT6_2__parameterized2_686
INFO: [VRFC 10-311] analyzing module microblaze_mcs_0_MB_LUT6_2__parameterized2_688
INFO: [VRFC 10-311] analyzing module microblaze_mcs_0_MB_LUT6_2__parameterized2_690
INFO: [VRFC 10-311] analyzing module microblaze_mcs_0_MB_LUT6_2__parameterized2_692
INFO: [VRFC 10-311] analyzing module microblaze_mcs_0_MB_LUT6_2__parameterized2_694
INFO: [VRFC 10-311] analyzing module microblaze_mcs_0_MB_LUT6_2__parameterized2_696
INFO: [VRFC 10-311] analyzing module microblaze_mcs_0_MB_LUT6_2__parameterized2_698
INFO: [VRFC 10-311] analyzing module microblaze_mcs_0_MB_LUT6_2__parameterized2_700
INFO: [VRFC 10-311] analyzing module microblaze_mcs_0_MB_LUT6_2__parameterized2_702
INFO: [VRFC 10-311] analyzing module microblaze_mcs_0_MB_LUT6_2__parameterized2_704
INFO: [VRFC 10-311] analyzing module microblaze_mcs_0_MB_LUT6_2__parameterized2_706
INFO: [VRFC 10-311] analyzing module microblaze_mcs_0_MB_LUT6_2__parameterized2_708
INFO: [VRFC 10-311] analyzing module microblaze_mcs_0_MB_LUT6_2__parameterized2_710
INFO: [VRFC 10-311] analyzing module microblaze_mcs_0_MB_LUT6_2__parameterized2_712
INFO: [VRFC 10-311] analyzing module microblaze_mcs_0_MB_LUT6_2__parameterized4
INFO: [VRFC 10-311] analyzing module microblaze_mcs_0_MB_LUT6_2__parameterized6
INFO: [VRFC 10-311] analyzing module microblaze_mcs_0_MB_LUT6_2__parameterized8
INFO: [VRFC 10-311] analyzing module microblaze_mcs_0_MB_RAM32X1D
INFO: [VRFC 10-311] analyzing module microblaze_mcs_0_MB_RAM32X1D_316
INFO: [VRFC 10-311] analyzing module microblaze_mcs_0_MB_RAM32X1D_317
INFO: [VRFC 10-311] analyzing module microblaze_mcs_0_MB_RAM32X1D_318
INFO: [VRFC 10-311] analyzing module microblaze_mcs_0_MB_RAM32X1D_319
INFO: [VRFC 10-311] analyzing module microblaze_mcs_0_MB_RAM32X1D_320
INFO: [VRFC 10-311] analyzing module microblaze_mcs_0_MB_RAM32X1D_321
INFO: [VRFC 10-311] analyzing module microblaze_mcs_0_MB_RAM32X1D_322
INFO: [VRFC 10-311] analyzing module microblaze_mcs_0_MB_RAM32X1D_323
INFO: [VRFC 10-311] analyzing module microblaze_mcs_0_MB_RAM32X1D_324
INFO: [VRFC 10-311] analyzing module microblaze_mcs_0_MB_RAM32X1D_325
INFO: [VRFC 10-311] analyzing module microblaze_mcs_0_MB_RAM32X1D_326
INFO: [VRFC 10-311] analyzing module microblaze_mcs_0_MB_RAM32X1D_327
INFO: [VRFC 10-311] analyzing module microblaze_mcs_0_MB_RAM32X1D_328
INFO: [VRFC 10-311] analyzing module microblaze_mcs_0_MB_RAM32X1D_329
INFO: [VRFC 10-311] analyzing module microblaze_mcs_0_MB_RAM32X1D_330
INFO: [VRFC 10-311] analyzing module microblaze_mcs_0_MB_RAM32X1D_331
INFO: [VRFC 10-311] analyzing module microblaze_mcs_0_MB_RAM32X1D_332
INFO: [VRFC 10-311] analyzing module microblaze_mcs_0_MB_RAM32X1D_333
INFO: [VRFC 10-311] analyzing module microblaze_mcs_0_MB_RAM32X1D_334
INFO: [VRFC 10-311] analyzing module microblaze_mcs_0_MB_RAM32X1D_335
INFO: [VRFC 10-311] analyzing module microblaze_mcs_0_MB_RAM32X1D_336
INFO: [VRFC 10-311] analyzing module microblaze_mcs_0_MB_RAM32X1D_337
INFO: [VRFC 10-311] analyzing module microblaze_mcs_0_MB_RAM32X1D_338
INFO: [VRFC 10-311] analyzing module microblaze_mcs_0_MB_RAM32X1D_339
INFO: [VRFC 10-311] analyzing module microblaze_mcs_0_MB_RAM32X1D_340
INFO: [VRFC 10-311] analyzing module microblaze_mcs_0_MB_RAM32X1D_341
INFO: [VRFC 10-311] analyzing module microblaze_mcs_0_MB_RAM32X1D_342
INFO: [VRFC 10-311] analyzing module microblaze_mcs_0_MB_RAM32X1D_343
INFO: [VRFC 10-311] analyzing module microblaze_mcs_0_MB_RAM32X1D_344
INFO: [VRFC 10-311] analyzing module microblaze_mcs_0_MB_RAM32X1D_345
INFO: [VRFC 10-311] analyzing module microblaze_mcs_0_MB_RAM32X1D_346
INFO: [VRFC 10-311] analyzing module microblaze_mcs_0_MB_RAM32X1D_347
INFO: [VRFC 10-311] analyzing module microblaze_mcs_0_MB_RAM32X1D_348
INFO: [VRFC 10-311] analyzing module microblaze_mcs_0_MB_RAM32X1D_349
INFO: [VRFC 10-311] analyzing module microblaze_mcs_0_MB_RAM32X1D_350
INFO: [VRFC 10-311] analyzing module microblaze_mcs_0_MB_RAM32X1D_351
INFO: [VRFC 10-311] analyzing module microblaze_mcs_0_MB_RAM32X1D_352
INFO: [VRFC 10-311] analyzing module microblaze_mcs_0_MB_RAM32X1D_353
INFO: [VRFC 10-311] analyzing module microblaze_mcs_0_MB_RAM32X1D_354
INFO: [VRFC 10-311] analyzing module microblaze_mcs_0_MB_RAM32X1D_355
INFO: [VRFC 10-311] analyzing module microblaze_mcs_0_MB_RAM32X1D_356
INFO: [VRFC 10-311] analyzing module microblaze_mcs_0_MB_RAM32X1D_357
INFO: [VRFC 10-311] analyzing module microblaze_mcs_0_MB_RAM32X1D_358
INFO: [VRFC 10-311] analyzing module microblaze_mcs_0_MB_RAM32X1D_359
INFO: [VRFC 10-311] analyzing module microblaze_mcs_0_MB_RAM32X1D_360
INFO: [VRFC 10-311] analyzing module microblaze_mcs_0_MB_RAM32X1D_361
INFO: [VRFC 10-311] analyzing module microblaze_mcs_0_MB_RAM32X1D_362
INFO: [VRFC 10-311] analyzing module microblaze_mcs_0_MB_RAM32X1D_363
INFO: [VRFC 10-311] analyzing module microblaze_mcs_0_MB_RAM32X1D_364
INFO: [VRFC 10-311] analyzing module microblaze_mcs_0_MB_RAM32X1D_365
INFO: [VRFC 10-311] analyzing module microblaze_mcs_0_MB_RAM32X1D_366
INFO: [VRFC 10-311] analyzing module microblaze_mcs_0_MB_RAM32X1D_367
INFO: [VRFC 10-311] analyzing module microblaze_mcs_0_MB_RAM32X1D_368
INFO: [VRFC 10-311] analyzing module microblaze_mcs_0_MB_RAM32X1D_369
INFO: [VRFC 10-311] analyzing module microblaze_mcs_0_MB_RAM32X1D_370
INFO: [VRFC 10-311] analyzing module microblaze_mcs_0_MB_RAM32X1D_371
INFO: [VRFC 10-311] analyzing module microblaze_mcs_0_MB_RAM32X1D_372
INFO: [VRFC 10-311] analyzing module microblaze_mcs_0_MB_RAM32X1D_373
INFO: [VRFC 10-311] analyzing module microblaze_mcs_0_MB_RAM32X1D_374
INFO: [VRFC 10-311] analyzing module microblaze_mcs_0_MB_RAM32X1D_375
INFO: [VRFC 10-311] analyzing module microblaze_mcs_0_MB_RAM32X1D_376
INFO: [VRFC 10-311] analyzing module microblaze_mcs_0_MB_RAM32X1D_377
INFO: [VRFC 10-311] analyzing module microblaze_mcs_0_MB_RAM32X1D_378
INFO: [VRFC 10-311] analyzing module microblaze_mcs_0_MB_SRL16E
INFO: [VRFC 10-311] analyzing module microblaze_mcs_0_MB_SRL16E_30
INFO: [VRFC 10-311] analyzing module microblaze_mcs_0_MB_SRL16E_31
INFO: [VRFC 10-311] analyzing module microblaze_mcs_0_MB_SRL16E_32
INFO: [VRFC 10-311] analyzing module microblaze_mcs_0_MB_SRL16E_33
INFO: [VRFC 10-311] analyzing module microblaze_mcs_0_MB_SRL16E_34
INFO: [VRFC 10-311] analyzing module microblaze_mcs_0_MB_SRL16E_35
INFO: [VRFC 10-311] analyzing module microblaze_mcs_0_MB_SRL16E_36
INFO: [VRFC 10-311] analyzing module microblaze_mcs_0_MB_SRL16E_37
INFO: [VRFC 10-311] analyzing module microblaze_mcs_0_MB_SRL16E_38
INFO: [VRFC 10-311] analyzing module microblaze_mcs_0_MB_SRL16E_39
INFO: [VRFC 10-311] analyzing module microblaze_mcs_0_MB_SRL16E_394
INFO: [VRFC 10-311] analyzing module microblaze_mcs_0_MB_SRL16E_398
INFO: [VRFC 10-311] analyzing module microblaze_mcs_0_MB_SRL16E_40
INFO: [VRFC 10-311] analyzing module microblaze_mcs_0_MB_SRL16E_403
INFO: [VRFC 10-311] analyzing module microblaze_mcs_0_MB_SRL16E_408
INFO: [VRFC 10-311] analyzing module microblaze_mcs_0_MB_SRL16E_41
INFO: [VRFC 10-311] analyzing module microblaze_mcs_0_MB_SRL16E_413
INFO: [VRFC 10-311] analyzing module microblaze_mcs_0_MB_SRL16E_418
INFO: [VRFC 10-311] analyzing module microblaze_mcs_0_MB_SRL16E_42
INFO: [VRFC 10-311] analyzing module microblaze_mcs_0_MB_SRL16E_423
INFO: [VRFC 10-311] analyzing module microblaze_mcs_0_MB_SRL16E_428
INFO: [VRFC 10-311] analyzing module microblaze_mcs_0_MB_SRL16E_43
INFO: [VRFC 10-311] analyzing module microblaze_mcs_0_MB_SRL16E_433
INFO: [VRFC 10-311] analyzing module microblaze_mcs_0_MB_SRL16E_438
INFO: [VRFC 10-311] analyzing module microblaze_mcs_0_MB_SRL16E_44
INFO: [VRFC 10-311] analyzing module microblaze_mcs_0_MB_SRL16E_443
INFO: [VRFC 10-311] analyzing module microblaze_mcs_0_MB_SRL16E_448
INFO: [VRFC 10-311] analyzing module microblaze_mcs_0_MB_SRL16E_45
INFO: [VRFC 10-311] analyzing module microblaze_mcs_0_MB_SRL16E_453
INFO: [VRFC 10-311] analyzing module microblaze_mcs_0_MB_SRL16E_458
INFO: [VRFC 10-311] analyzing module microblaze_mcs_0_MB_SRL16E_46
INFO: [VRFC 10-311] analyzing module microblaze_mcs_0_MB_SRL16E_463
INFO: [VRFC 10-311] analyzing module microblaze_mcs_0_MB_SRL16E_47
INFO: [VRFC 10-311] analyzing module microblaze_mcs_0_MB_SRL16E_48
INFO: [VRFC 10-311] analyzing module microblaze_mcs_0_MB_SRL16E_49
INFO: [VRFC 10-311] analyzing module microblaze_mcs_0_MB_SRL16E_50
INFO: [VRFC 10-311] analyzing module microblaze_mcs_0_MB_SRL16E_51
INFO: [VRFC 10-311] analyzing module microblaze_mcs_0_MB_SRL16E_52
INFO: [VRFC 10-311] analyzing module microblaze_mcs_0_MB_SRL16E_53
INFO: [VRFC 10-311] analyzing module microblaze_mcs_0_MB_SRL16E_54
INFO: [VRFC 10-311] analyzing module microblaze_mcs_0_MB_SRL16E_55
INFO: [VRFC 10-311] analyzing module microblaze_mcs_0_MB_SRL16E_56
INFO: [VRFC 10-311] analyzing module microblaze_mcs_0_MB_SRL16E_57
INFO: [VRFC 10-311] analyzing module microblaze_mcs_0_MB_SRL16E_58
INFO: [VRFC 10-311] analyzing module microblaze_mcs_0_MB_SRL16E_59
INFO: [VRFC 10-311] analyzing module microblaze_mcs_0_MB_SRL16E_60
INFO: [VRFC 10-311] analyzing module microblaze_mcs_0_MSR_Reg
INFO: [VRFC 10-311] analyzing module microblaze_mcs_0_MSR_Reg_Bit
INFO: [VRFC 10-311] analyzing module microblaze_mcs_0_MSR_Reg_Bit_617
INFO: [VRFC 10-311] analyzing module microblaze_mcs_0_MSR_Reg_Bit_618
INFO: [VRFC 10-311] analyzing module microblaze_mcs_0_MicroBlaze
INFO: [VRFC 10-311] analyzing module microblaze_mcs_0_MicroBlaze_Area
INFO: [VRFC 10-311] analyzing module microblaze_mcs_0_MicroBlaze_Core
INFO: [VRFC 10-311] analyzing module microblaze_mcs_0_Operand_Select
INFO: [VRFC 10-311] analyzing module microblaze_mcs_0_Operand_Select_Bit
INFO: [VRFC 10-311] analyzing module microblaze_mcs_0_Operand_Select_Bit_479
INFO: [VRFC 10-311] analyzing module microblaze_mcs_0_Operand_Select_Bit_480
INFO: [VRFC 10-311] analyzing module microblaze_mcs_0_Operand_Select_Bit_482
INFO: [VRFC 10-311] analyzing module microblaze_mcs_0_Operand_Select_Bit_483
INFO: [VRFC 10-311] analyzing module microblaze_mcs_0_Operand_Select_Bit__parameterized10
INFO: [VRFC 10-311] analyzing module microblaze_mcs_0_Operand_Select_Bit__parameterized10_466
INFO: [VRFC 10-311] analyzing module microblaze_mcs_0_Operand_Select_Bit__parameterized10_467
INFO: [VRFC 10-311] analyzing module microblaze_mcs_0_Operand_Select_Bit__parameterized10_468
INFO: [VRFC 10-311] analyzing module microblaze_mcs_0_Operand_Select_Bit__parameterized10_469
INFO: [VRFC 10-311] analyzing module microblaze_mcs_0_Operand_Select_Bit__parameterized10_470
INFO: [VRFC 10-311] analyzing module microblaze_mcs_0_Operand_Select_Bit__parameterized10_474
INFO: [VRFC 10-311] analyzing module microblaze_mcs_0_Operand_Select_Bit__parameterized10_481
INFO: [VRFC 10-311] analyzing module microblaze_mcs_0_Operand_Select_Bit__parameterized10_484
INFO: [VRFC 10-311] analyzing module microblaze_mcs_0_Operand_Select_Bit__parameterized10_485
INFO: [VRFC 10-311] analyzing module microblaze_mcs_0_Operand_Select_Bit__parameterized10_486
INFO: [VRFC 10-311] analyzing module microblaze_mcs_0_Operand_Select_Bit__parameterized10_487
INFO: [VRFC 10-311] analyzing module microblaze_mcs_0_Operand_Select_Bit__parameterized10_488
INFO: [VRFC 10-311] analyzing module microblaze_mcs_0_Operand_Select_Bit__parameterized10_489
INFO: [VRFC 10-311] analyzing module microblaze_mcs_0_Operand_Select_Bit__parameterized10_490
INFO: [VRFC 10-311] analyzing module microblaze_mcs_0_Operand_Select_Bit__parameterized12
INFO: [VRFC 10-311] analyzing module microblaze_mcs_0_Operand_Select_Bit__parameterized2
INFO: [VRFC 10-311] analyzing module microblaze_mcs_0_Operand_Select_Bit__parameterized4
INFO: [VRFC 10-311] analyzing module microblaze_mcs_0_Operand_Select_Bit__parameterized6
INFO: [VRFC 10-311] analyzing module microblaze_mcs_0_Operand_Select_Bit__parameterized8
INFO: [VRFC 10-311] analyzing module microblaze_mcs_0_Operand_Select_Bit__parameterized8_471
INFO: [VRFC 10-311] analyzing module microblaze_mcs_0_Operand_Select_Bit__parameterized8_472
INFO: [VRFC 10-311] analyzing module microblaze_mcs_0_Operand_Select_Bit__parameterized8_473
INFO: [VRFC 10-311] analyzing module microblaze_mcs_0_Operand_Select_Bit__parameterized8_475
INFO: [VRFC 10-311] analyzing module microblaze_mcs_0_Operand_Select_Bit__parameterized8_476
INFO: [VRFC 10-311] analyzing module microblaze_mcs_0_Operand_Select_Bit__parameterized8_477
INFO: [VRFC 10-311] analyzing module microblaze_mcs_0_Operand_Select_Bit__parameterized8_478
INFO: [VRFC 10-311] analyzing module microblaze_mcs_0_PC_Bit
INFO: [VRFC 10-311] analyzing module microblaze_mcs_0_PC_Bit_379
INFO: [VRFC 10-311] analyzing module microblaze_mcs_0_PC_Bit_380
INFO: [VRFC 10-311] analyzing module microblaze_mcs_0_PC_Bit_381
INFO: [VRFC 10-311] analyzing module microblaze_mcs_0_PC_Bit_382
INFO: [VRFC 10-311] analyzing module microblaze_mcs_0_PC_Bit_383
INFO: [VRFC 10-311] analyzing module microblaze_mcs_0_PC_Bit_384
INFO: [VRFC 10-311] analyzing module microblaze_mcs_0_PC_Bit_385
INFO: [VRFC 10-311] analyzing module microblaze_mcs_0_PC_Bit_386
INFO: [VRFC 10-311] analyzing module microblaze_mcs_0_PC_Bit_387
INFO: [VRFC 10-311] analyzing module microblaze_mcs_0_PC_Bit_388
INFO: [VRFC 10-311] analyzing module microblaze_mcs_0_PC_Bit_389
INFO: [VRFC 10-311] analyzing module microblaze_mcs_0_PC_Bit_390
INFO: [VRFC 10-311] analyzing module microblaze_mcs_0_PC_Bit_391
INFO: [VRFC 10-311] analyzing module microblaze_mcs_0_PC_Bit_392
INFO: [VRFC 10-311] analyzing module microblaze_mcs_0_PC_Module
INFO: [VRFC 10-311] analyzing module microblaze_mcs_0_PreFetch_Buffer
INFO: [VRFC 10-311] analyzing module microblaze_mcs_0_Register_File
INFO: [VRFC 10-311] analyzing module microblaze_mcs_0_Register_File_Bit
INFO: [VRFC 10-311] analyzing module microblaze_mcs_0_Register_File_Bit_285
INFO: [VRFC 10-311] analyzing module microblaze_mcs_0_Register_File_Bit_286
INFO: [VRFC 10-311] analyzing module microblaze_mcs_0_Register_File_Bit_287
INFO: [VRFC 10-311] analyzing module microblaze_mcs_0_Register_File_Bit_288
INFO: [VRFC 10-311] analyzing module microblaze_mcs_0_Register_File_Bit_289
INFO: [VRFC 10-311] analyzing module microblaze_mcs_0_Register_File_Bit_290
INFO: [VRFC 10-311] analyzing module microblaze_mcs_0_Register_File_Bit_291
INFO: [VRFC 10-311] analyzing module microblaze_mcs_0_Register_File_Bit_292
INFO: [VRFC 10-311] analyzing module microblaze_mcs_0_Register_File_Bit_293
INFO: [VRFC 10-311] analyzing module microblaze_mcs_0_Register_File_Bit_294
INFO: [VRFC 10-311] analyzing module microblaze_mcs_0_Register_File_Bit_295
INFO: [VRFC 10-311] analyzing module microblaze_mcs_0_Register_File_Bit_296
INFO: [VRFC 10-311] analyzing module microblaze_mcs_0_Register_File_Bit_297
INFO: [VRFC 10-311] analyzing module microblaze_mcs_0_Register_File_Bit_298
INFO: [VRFC 10-311] analyzing module microblaze_mcs_0_Register_File_Bit_299
INFO: [VRFC 10-311] analyzing module microblaze_mcs_0_Register_File_Bit_300
INFO: [VRFC 10-311] analyzing module microblaze_mcs_0_Register_File_Bit_301
INFO: [VRFC 10-311] analyzing module microblaze_mcs_0_Register_File_Bit_302
INFO: [VRFC 10-311] analyzing module microblaze_mcs_0_Register_File_Bit_303
INFO: [VRFC 10-311] analyzing module microblaze_mcs_0_Register_File_Bit_304
INFO: [VRFC 10-311] analyzing module microblaze_mcs_0_Register_File_Bit_305
INFO: [VRFC 10-311] analyzing module microblaze_mcs_0_Register_File_Bit_306
INFO: [VRFC 10-311] analyzing module microblaze_mcs_0_Register_File_Bit_307
INFO: [VRFC 10-311] analyzing module microblaze_mcs_0_Register_File_Bit_308
INFO: [VRFC 10-311] analyzing module microblaze_mcs_0_Register_File_Bit_309
INFO: [VRFC 10-311] analyzing module microblaze_mcs_0_Register_File_Bit_310
INFO: [VRFC 10-311] analyzing module microblaze_mcs_0_Register_File_Bit_311
INFO: [VRFC 10-311] analyzing module microblaze_mcs_0_Register_File_Bit_312
INFO: [VRFC 10-311] analyzing module microblaze_mcs_0_Register_File_Bit_313
INFO: [VRFC 10-311] analyzing module microblaze_mcs_0_Register_File_Bit_314
INFO: [VRFC 10-311] analyzing module microblaze_mcs_0_Register_File_Bit_315
INFO: [VRFC 10-311] analyzing module microblaze_mcs_0_Result_Mux
INFO: [VRFC 10-311] analyzing module microblaze_mcs_0_Result_Mux_Bit
INFO: [VRFC 10-311] analyzing module microblaze_mcs_0_Result_Mux_Bit_192
INFO: [VRFC 10-311] analyzing module microblaze_mcs_0_Result_Mux_Bit_193
INFO: [VRFC 10-311] analyzing module microblaze_mcs_0_Result_Mux_Bit_194
INFO: [VRFC 10-311] analyzing module microblaze_mcs_0_Result_Mux_Bit_195
INFO: [VRFC 10-311] analyzing module microblaze_mcs_0_Result_Mux_Bit_196
INFO: [VRFC 10-311] analyzing module microblaze_mcs_0_Result_Mux_Bit_197
INFO: [VRFC 10-311] analyzing module microblaze_mcs_0_Result_Mux_Bit_198
INFO: [VRFC 10-311] analyzing module microblaze_mcs_0_Result_Mux_Bit_199
INFO: [VRFC 10-311] analyzing module microblaze_mcs_0_Result_Mux_Bit_200
INFO: [VRFC 10-311] analyzing module microblaze_mcs_0_Result_Mux_Bit_201
INFO: [VRFC 10-311] analyzing module microblaze_mcs_0_Result_Mux_Bit_202
INFO: [VRFC 10-311] analyzing module microblaze_mcs_0_Result_Mux_Bit_203
INFO: [VRFC 10-311] analyzing module microblaze_mcs_0_Result_Mux_Bit_204
INFO: [VRFC 10-311] analyzing module microblaze_mcs_0_Result_Mux_Bit_205
INFO: [VRFC 10-311] analyzing module microblaze_mcs_0_Result_Mux_Bit_206
INFO: [VRFC 10-311] analyzing module microblaze_mcs_0_Result_Mux_Bit_207
INFO: [VRFC 10-311] analyzing module microblaze_mcs_0_Result_Mux_Bit_208
INFO: [VRFC 10-311] analyzing module microblaze_mcs_0_Result_Mux_Bit_209
INFO: [VRFC 10-311] analyzing module microblaze_mcs_0_Result_Mux_Bit_210
INFO: [VRFC 10-311] analyzing module microblaze_mcs_0_Result_Mux_Bit_211
INFO: [VRFC 10-311] analyzing module microblaze_mcs_0_Result_Mux_Bit_212
INFO: [VRFC 10-311] analyzing module microblaze_mcs_0_Result_Mux_Bit_213
INFO: [VRFC 10-311] analyzing module microblaze_mcs_0_Result_Mux_Bit_214
INFO: [VRFC 10-311] analyzing module microblaze_mcs_0_Result_Mux_Bit_215
INFO: [VRFC 10-311] analyzing module microblaze_mcs_0_Result_Mux_Bit_216
INFO: [VRFC 10-311] analyzing module microblaze_mcs_0_Result_Mux_Bit_217
INFO: [VRFC 10-311] analyzing module microblaze_mcs_0_Result_Mux_Bit_218
INFO: [VRFC 10-311] analyzing module microblaze_mcs_0_Result_Mux_Bit_219
INFO: [VRFC 10-311] analyzing module microblaze_mcs_0_Result_Mux_Bit_220
INFO: [VRFC 10-311] analyzing module microblaze_mcs_0_Result_Mux_Bit_221
INFO: [VRFC 10-311] analyzing module microblaze_mcs_0_Result_Mux_Bit_222
INFO: [VRFC 10-311] analyzing module microblaze_mcs_0_Shift_Logic_Bit
INFO: [VRFC 10-311] analyzing module microblaze_mcs_0_Shift_Logic_Bit_68
INFO: [VRFC 10-311] analyzing module microblaze_mcs_0_Shift_Logic_Bit_69
INFO: [VRFC 10-311] analyzing module microblaze_mcs_0_Shift_Logic_Bit_70
INFO: [VRFC 10-311] analyzing module microblaze_mcs_0_Shift_Logic_Bit_71
INFO: [VRFC 10-311] analyzing module microblaze_mcs_0_Shift_Logic_Bit_72
INFO: [VRFC 10-311] analyzing module microblaze_mcs_0_Shift_Logic_Bit_73
INFO: [VRFC 10-311] analyzing module microblaze_mcs_0_Shift_Logic_Bit_74
INFO: [VRFC 10-311] analyzing module microblaze_mcs_0_Shift_Logic_Bit_75
INFO: [VRFC 10-311] analyzing module microblaze_mcs_0_Shift_Logic_Bit_76
INFO: [VRFC 10-311] analyzing module microblaze_mcs_0_Shift_Logic_Bit_77
INFO: [VRFC 10-311] analyzing module microblaze_mcs_0_Shift_Logic_Bit_78
INFO: [VRFC 10-311] analyzing module microblaze_mcs_0_Shift_Logic_Bit_79
INFO: [VRFC 10-311] analyzing module microblaze_mcs_0_Shift_Logic_Bit_80
INFO: [VRFC 10-311] analyzing module microblaze_mcs_0_Shift_Logic_Bit_81
INFO: [VRFC 10-311] analyzing module microblaze_mcs_0_Shift_Logic_Bit_82
INFO: [VRFC 10-311] analyzing module microblaze_mcs_0_Shift_Logic_Bit_83
INFO: [VRFC 10-311] analyzing module microblaze_mcs_0_Shift_Logic_Bit_84
INFO: [VRFC 10-311] analyzing module microblaze_mcs_0_Shift_Logic_Bit_85
INFO: [VRFC 10-311] analyzing module microblaze_mcs_0_Shift_Logic_Bit_86
INFO: [VRFC 10-311] analyzing module microblaze_mcs_0_Shift_Logic_Bit_87
INFO: [VRFC 10-311] analyzing module microblaze_mcs_0_Shift_Logic_Bit_88
INFO: [VRFC 10-311] analyzing module microblaze_mcs_0_Shift_Logic_Bit_89
INFO: [VRFC 10-311] analyzing module microblaze_mcs_0_Shift_Logic_Bit_90
INFO: [VRFC 10-311] analyzing module microblaze_mcs_0_Shift_Logic_Bit_91
INFO: [VRFC 10-311] analyzing module microblaze_mcs_0_Shift_Logic_Bit_92
INFO: [VRFC 10-311] analyzing module microblaze_mcs_0_Shift_Logic_Bit_93
INFO: [VRFC 10-311] analyzing module microblaze_mcs_0_Shift_Logic_Bit_94
INFO: [VRFC 10-311] analyzing module microblaze_mcs_0_Shift_Logic_Bit_95
INFO: [VRFC 10-311] analyzing module microblaze_mcs_0_Shift_Logic_Bit_96
INFO: [VRFC 10-311] analyzing module microblaze_mcs_0_Shift_Logic_Bit_97
INFO: [VRFC 10-311] analyzing module microblaze_mcs_0_Shift_Logic_Bit_98
INFO: [VRFC 10-311] analyzing module microblaze_mcs_0_Shift_Logic_Module
INFO: [VRFC 10-311] analyzing module microblaze_mcs_0_Zero_Detect
INFO: [VRFC 10-311] analyzing module microblaze_mcs_0_microblaze_v11_0_13_MB_FDR
INFO: [VRFC 10-311] analyzing module microblaze_mcs_0_microblaze_v11_0_13_MB_FDRE
INFO: [VRFC 10-311] analyzing module microblaze_mcs_0_microblaze_v11_0_13_MB_FDRE_1
INFO: [VRFC 10-311] analyzing module microblaze_mcs_0_microblaze_v11_0_13_MB_FDRE_12
INFO: [VRFC 10-311] analyzing module microblaze_mcs_0_microblaze_v11_0_13_MB_FDRE_18
INFO: [VRFC 10-311] analyzing module microblaze_mcs_0_microblaze_v11_0_13_MB_FDRE_19
INFO: [VRFC 10-311] analyzing module microblaze_mcs_0_microblaze_v11_0_13_MB_FDRE_2
INFO: [VRFC 10-311] analyzing module microblaze_mcs_0_microblaze_v11_0_13_MB_FDRE_4
INFO: [VRFC 10-311] analyzing module microblaze_mcs_0_microblaze_v11_0_13_MB_FDRE_491
INFO: [VRFC 10-311] analyzing module microblaze_mcs_0_microblaze_v11_0_13_MB_FDRE_492
INFO: [VRFC 10-311] analyzing module microblaze_mcs_0_microblaze_v11_0_13_MB_FDRE_494
INFO: [VRFC 10-311] analyzing module microblaze_mcs_0_microblaze_v11_0_13_MB_FDRE_495
INFO: [VRFC 10-311] analyzing module microblaze_mcs_0_microblaze_v11_0_13_MB_FDRE_498
INFO: [VRFC 10-311] analyzing module microblaze_mcs_0_microblaze_v11_0_13_MB_FDRE_499
INFO: [VRFC 10-311] analyzing module microblaze_mcs_0_microblaze_v11_0_13_MB_FDRE_5
INFO: [VRFC 10-311] analyzing module microblaze_mcs_0_microblaze_v11_0_13_MB_FDRE_502
INFO: [VRFC 10-311] analyzing module microblaze_mcs_0_microblaze_v11_0_13_MB_FDRE_503
INFO: [VRFC 10-311] analyzing module microblaze_mcs_0_microblaze_v11_0_13_MB_FDRE_506
INFO: [VRFC 10-311] analyzing module microblaze_mcs_0_microblaze_v11_0_13_MB_FDRE_507
INFO: [VRFC 10-311] analyzing module microblaze_mcs_0_microblaze_v11_0_13_MB_FDRE_510
INFO: [VRFC 10-311] analyzing module microblaze_mcs_0_microblaze_v11_0_13_MB_FDRE_511
INFO: [VRFC 10-311] analyzing module microblaze_mcs_0_microblaze_v11_0_13_MB_FDRE_514
INFO: [VRFC 10-311] analyzing module microblaze_mcs_0_microblaze_v11_0_13_MB_FDRE_515
INFO: [VRFC 10-311] analyzing module microblaze_mcs_0_microblaze_v11_0_13_MB_FDRE_518
INFO: [VRFC 10-311] analyzing module microblaze_mcs_0_microblaze_v11_0_13_MB_FDRE_519
INFO: [VRFC 10-311] analyzing module microblaze_mcs_0_microblaze_v11_0_13_MB_FDRE_522
INFO: [VRFC 10-311] analyzing module microblaze_mcs_0_microblaze_v11_0_13_MB_FDRE_523
INFO: [VRFC 10-311] analyzing module microblaze_mcs_0_microblaze_v11_0_13_MB_FDRE_526
INFO: [VRFC 10-311] analyzing module microblaze_mcs_0_microblaze_v11_0_13_MB_FDRE_527
INFO: [VRFC 10-311] analyzing module microblaze_mcs_0_microblaze_v11_0_13_MB_FDRE_530
INFO: [VRFC 10-311] analyzing module microblaze_mcs_0_microblaze_v11_0_13_MB_FDRE_531
INFO: [VRFC 10-311] analyzing module microblaze_mcs_0_microblaze_v11_0_13_MB_FDRE_534
INFO: [VRFC 10-311] analyzing module microblaze_mcs_0_microblaze_v11_0_13_MB_FDRE_535
INFO: [VRFC 10-311] analyzing module microblaze_mcs_0_microblaze_v11_0_13_MB_FDRE_538
INFO: [VRFC 10-311] analyzing module microblaze_mcs_0_microblaze_v11_0_13_MB_FDRE_539
INFO: [VRFC 10-311] analyzing module microblaze_mcs_0_microblaze_v11_0_13_MB_FDRE_542
INFO: [VRFC 10-311] analyzing module microblaze_mcs_0_microblaze_v11_0_13_MB_FDRE_543
INFO: [VRFC 10-311] analyzing module microblaze_mcs_0_microblaze_v11_0_13_MB_FDRE_546
INFO: [VRFC 10-311] analyzing module microblaze_mcs_0_microblaze_v11_0_13_MB_FDRE_547
INFO: [VRFC 10-311] analyzing module microblaze_mcs_0_microblaze_v11_0_13_MB_FDRE_550
INFO: [VRFC 10-311] analyzing module microblaze_mcs_0_microblaze_v11_0_13_MB_FDRE_551
INFO: [VRFC 10-311] analyzing module microblaze_mcs_0_microblaze_v11_0_13_MB_FDRE_554
INFO: [VRFC 10-311] analyzing module microblaze_mcs_0_microblaze_v11_0_13_MB_FDRE_555
INFO: [VRFC 10-311] analyzing module microblaze_mcs_0_microblaze_v11_0_13_MB_FDRE_558
INFO: [VRFC 10-311] analyzing module microblaze_mcs_0_microblaze_v11_0_13_MB_FDRE_559
INFO: [VRFC 10-311] analyzing module microblaze_mcs_0_microblaze_v11_0_13_MB_FDRE_562
INFO: [VRFC 10-311] analyzing module microblaze_mcs_0_microblaze_v11_0_13_MB_FDRE_563
INFO: [VRFC 10-311] analyzing module microblaze_mcs_0_microblaze_v11_0_13_MB_FDRE_566
INFO: [VRFC 10-311] analyzing module microblaze_mcs_0_microblaze_v11_0_13_MB_FDRE_567
INFO: [VRFC 10-311] analyzing module microblaze_mcs_0_microblaze_v11_0_13_MB_FDRE_570
INFO: [VRFC 10-311] analyzing module microblaze_mcs_0_microblaze_v11_0_13_MB_FDRE_571
INFO: [VRFC 10-311] analyzing module microblaze_mcs_0_microblaze_v11_0_13_MB_FDRE_574
INFO: [VRFC 10-311] analyzing module microblaze_mcs_0_microblaze_v11_0_13_MB_FDRE_575
INFO: [VRFC 10-311] analyzing module microblaze_mcs_0_microblaze_v11_0_13_MB_FDRE_578
INFO: [VRFC 10-311] analyzing module microblaze_mcs_0_microblaze_v11_0_13_MB_FDRE_579
INFO: [VRFC 10-311] analyzing module microblaze_mcs_0_microblaze_v11_0_13_MB_FDRE_582
INFO: [VRFC 10-311] analyzing module microblaze_mcs_0_microblaze_v11_0_13_MB_FDRE_583
INFO: [VRFC 10-311] analyzing module microblaze_mcs_0_microblaze_v11_0_13_MB_FDRE_586
INFO: [VRFC 10-311] analyzing module microblaze_mcs_0_microblaze_v11_0_13_MB_FDRE_587
INFO: [VRFC 10-311] analyzing module microblaze_mcs_0_microblaze_v11_0_13_MB_FDRE_590
INFO: [VRFC 10-311] analyzing module microblaze_mcs_0_microblaze_v11_0_13_MB_FDRE_591
INFO: [VRFC 10-311] analyzing module microblaze_mcs_0_microblaze_v11_0_13_MB_FDRE_594
INFO: [VRFC 10-311] analyzing module microblaze_mcs_0_microblaze_v11_0_13_MB_FDRE_595
INFO: [VRFC 10-311] analyzing module microblaze_mcs_0_microblaze_v11_0_13_MB_FDRE_598
INFO: [VRFC 10-311] analyzing module microblaze_mcs_0_microblaze_v11_0_13_MB_FDRE_599
INFO: [VRFC 10-311] analyzing module microblaze_mcs_0_microblaze_v11_0_13_MB_FDRE_6
INFO: [VRFC 10-311] analyzing module microblaze_mcs_0_microblaze_v11_0_13_MB_FDRE_602
INFO: [VRFC 10-311] analyzing module microblaze_mcs_0_microblaze_v11_0_13_MB_FDRE_603
INFO: [VRFC 10-311] analyzing module microblaze_mcs_0_microblaze_v11_0_13_MB_FDRE_606
INFO: [VRFC 10-311] analyzing module microblaze_mcs_0_microblaze_v11_0_13_MB_FDRE_607
INFO: [VRFC 10-311] analyzing module microblaze_mcs_0_microblaze_v11_0_13_MB_FDRE_610
INFO: [VRFC 10-311] analyzing module microblaze_mcs_0_microblaze_v11_0_13_MB_FDRE_611
INFO: [VRFC 10-311] analyzing module microblaze_mcs_0_microblaze_v11_0_13_MB_FDRE_614
INFO: [VRFC 10-311] analyzing module microblaze_mcs_0_microblaze_v11_0_13_MB_FDRE_615
INFO: [VRFC 10-311] analyzing module microblaze_mcs_0_microblaze_v11_0_13_MB_FDSE
INFO: [VRFC 10-311] analyzing module microblaze_mcs_0_microblaze_v11_0_13_MB_FDSE_395
INFO: [VRFC 10-311] analyzing module microblaze_mcs_0_microblaze_v11_0_13_MB_FDSE_400
INFO: [VRFC 10-311] analyzing module microblaze_mcs_0_microblaze_v11_0_13_MB_FDSE_405
INFO: [VRFC 10-311] analyzing module microblaze_mcs_0_microblaze_v11_0_13_MB_FDSE_410
INFO: [VRFC 10-311] analyzing module microblaze_mcs_0_microblaze_v11_0_13_MB_FDSE_415
INFO: [VRFC 10-311] analyzing module microblaze_mcs_0_microblaze_v11_0_13_MB_FDSE_420
INFO: [VRFC 10-311] analyzing module microblaze_mcs_0_microblaze_v11_0_13_MB_FDSE_425
INFO: [VRFC 10-311] analyzing module microblaze_mcs_0_microblaze_v11_0_13_MB_FDSE_430
INFO: [VRFC 10-311] analyzing module microblaze_mcs_0_microblaze_v11_0_13_MB_FDSE_435
INFO: [VRFC 10-311] analyzing module microblaze_mcs_0_microblaze_v11_0_13_MB_FDSE_440
INFO: [VRFC 10-311] analyzing module microblaze_mcs_0_microblaze_v11_0_13_MB_FDSE_445
INFO: [VRFC 10-311] analyzing module microblaze_mcs_0_microblaze_v11_0_13_MB_FDSE_450
INFO: [VRFC 10-311] analyzing module microblaze_mcs_0_microblaze_v11_0_13_MB_FDSE_455
INFO: [VRFC 10-311] analyzing module microblaze_mcs_0_microblaze_v11_0_13_MB_FDSE_460
INFO: [VRFC 10-311] analyzing module microblaze_mcs_0_microblaze_v11_0_13_MB_FDSE_465
INFO: [VRFC 10-311] analyzing module microblaze_mcs_0_microblaze_v11_0_13_MB_LUT3
INFO: [VRFC 10-311] analyzing module microblaze_mcs_0_microblaze_v11_0_13_MB_LUT3__parameterized0
INFO: [VRFC 10-311] analyzing module microblaze_mcs_0_microblaze_v11_0_13_MB_LUT3__parameterized1
INFO: [VRFC 10-311] analyzing module microblaze_mcs_0_microblaze_v11_0_13_MB_LUT3__parameterized1_16
INFO: [VRFC 10-311] analyzing module microblaze_mcs_0_microblaze_v11_0_13_MB_LUT3__parameterized2
INFO: [VRFC 10-311] analyzing module microblaze_mcs_0_microblaze_v11_0_13_MB_LUT3__parameterized2_21
INFO: [VRFC 10-311] analyzing module microblaze_mcs_0_microblaze_v11_0_13_MB_LUT3__parameterized3
INFO: [VRFC 10-311] analyzing module microblaze_mcs_0_microblaze_v11_0_13_MB_LUT3__parameterized4
INFO: [VRFC 10-311] analyzing module microblaze_mcs_0_microblaze_v11_0_13_MB_LUT6
INFO: [VRFC 10-311] analyzing module microblaze_mcs_0_microblaze_v11_0_13_MB_LUT6__parameterized0
INFO: [VRFC 10-311] analyzing module microblaze_mcs_0_microblaze_v11_0_13_MB_LUT6__parameterized0_223
INFO: [VRFC 10-311] analyzing module microblaze_mcs_0_microblaze_v11_0_13_MB_LUT6__parameterized0_225
INFO: [VRFC 10-311] analyzing module microblaze_mcs_0_microblaze_v11_0_13_MB_LUT6__parameterized0_227
INFO: [VRFC 10-311] analyzing module microblaze_mcs_0_microblaze_v11_0_13_MB_LUT6__parameterized0_229
INFO: [VRFC 10-311] analyzing module microblaze_mcs_0_microblaze_v11_0_13_MB_LUT6__parameterized0_231
INFO: [VRFC 10-311] analyzing module microblaze_mcs_0_microblaze_v11_0_13_MB_LUT6__parameterized0_233
INFO: [VRFC 10-311] analyzing module microblaze_mcs_0_microblaze_v11_0_13_MB_LUT6__parameterized0_235
INFO: [VRFC 10-311] analyzing module microblaze_mcs_0_microblaze_v11_0_13_MB_LUT6__parameterized0_237
INFO: [VRFC 10-311] analyzing module microblaze_mcs_0_microblaze_v11_0_13_MB_LUT6__parameterized0_239
INFO: [VRFC 10-311] analyzing module microblaze_mcs_0_microblaze_v11_0_13_MB_LUT6__parameterized0_241
INFO: [VRFC 10-311] analyzing module microblaze_mcs_0_microblaze_v11_0_13_MB_LUT6__parameterized0_243
INFO: [VRFC 10-311] analyzing module microblaze_mcs_0_microblaze_v11_0_13_MB_LUT6__parameterized0_245
INFO: [VRFC 10-311] analyzing module microblaze_mcs_0_microblaze_v11_0_13_MB_LUT6__parameterized0_247
INFO: [VRFC 10-311] analyzing module microblaze_mcs_0_microblaze_v11_0_13_MB_LUT6__parameterized0_249
INFO: [VRFC 10-311] analyzing module microblaze_mcs_0_microblaze_v11_0_13_MB_LUT6__parameterized0_251
INFO: [VRFC 10-311] analyzing module microblaze_mcs_0_microblaze_v11_0_13_MB_LUT6__parameterized0_253
INFO: [VRFC 10-311] analyzing module microblaze_mcs_0_microblaze_v11_0_13_MB_LUT6__parameterized0_255
INFO: [VRFC 10-311] analyzing module microblaze_mcs_0_microblaze_v11_0_13_MB_LUT6__parameterized0_257
INFO: [VRFC 10-311] analyzing module microblaze_mcs_0_microblaze_v11_0_13_MB_LUT6__parameterized0_259
INFO: [VRFC 10-311] analyzing module microblaze_mcs_0_microblaze_v11_0_13_MB_LUT6__parameterized0_261
INFO: [VRFC 10-311] analyzing module microblaze_mcs_0_microblaze_v11_0_13_MB_LUT6__parameterized0_263
INFO: [VRFC 10-311] analyzing module microblaze_mcs_0_microblaze_v11_0_13_MB_LUT6__parameterized0_265
INFO: [VRFC 10-311] analyzing module microblaze_mcs_0_microblaze_v11_0_13_MB_LUT6__parameterized0_267
INFO: [VRFC 10-311] analyzing module microblaze_mcs_0_microblaze_v11_0_13_MB_LUT6__parameterized0_269
INFO: [VRFC 10-311] analyzing module microblaze_mcs_0_microblaze_v11_0_13_MB_LUT6__parameterized0_271
INFO: [VRFC 10-311] analyzing module microblaze_mcs_0_microblaze_v11_0_13_MB_LUT6__parameterized0_273
INFO: [VRFC 10-311] analyzing module microblaze_mcs_0_microblaze_v11_0_13_MB_LUT6__parameterized0_275
INFO: [VRFC 10-311] analyzing module microblaze_mcs_0_microblaze_v11_0_13_MB_LUT6__parameterized0_277
INFO: [VRFC 10-311] analyzing module microblaze_mcs_0_microblaze_v11_0_13_MB_LUT6__parameterized0_279
INFO: [VRFC 10-311] analyzing module microblaze_mcs_0_microblaze_v11_0_13_MB_LUT6__parameterized0_281
INFO: [VRFC 10-311] analyzing module microblaze_mcs_0_microblaze_v11_0_13_MB_LUT6__parameterized0_283
INFO: [VRFC 10-311] analyzing module microblaze_mcs_0_microblaze_v11_0_13_MB_MULT_AND
INFO: [VRFC 10-311] analyzing module microblaze_mcs_0_microblaze_v11_0_13_MB_MULT_AND_714
INFO: [VRFC 10-311] analyzing module microblaze_mcs_0_microblaze_v11_0_13_MB_MUXCY
INFO: [VRFC 10-311] analyzing module microblaze_mcs_0_microblaze_v11_0_13_MB_MUXCY_10
INFO: [VRFC 10-311] analyzing module microblaze_mcs_0_microblaze_v11_0_13_MB_MUXCY_11
INFO: [VRFC 10-311] analyzing module microblaze_mcs_0_microblaze_v11_0_13_MB_MUXCY_20
INFO: [VRFC 10-311] analyzing module microblaze_mcs_0_microblaze_v11_0_13_MB_MUXCY_23
INFO: [VRFC 10-311] analyzing module microblaze_mcs_0_microblaze_v11_0_13_MB_MUXCY_24
INFO: [VRFC 10-311] analyzing module microblaze_mcs_0_microblaze_v11_0_13_MB_MUXCY_25
INFO: [VRFC 10-311] analyzing module microblaze_mcs_0_microblaze_v11_0_13_MB_MUXCY_3
INFO: [VRFC 10-311] analyzing module microblaze_mcs_0_microblaze_v11_0_13_MB_MUXCY_61
INFO: [VRFC 10-311] analyzing module microblaze_mcs_0_microblaze_v11_0_13_MB_MUXCY_62
INFO: [VRFC 10-311] analyzing module microblaze_mcs_0_microblaze_v11_0_13_MB_MUXCY_622
INFO: [VRFC 10-311] analyzing module microblaze_mcs_0_microblaze_v11_0_13_MB_MUXCY_63
INFO: [VRFC 10-311] analyzing module microblaze_mcs_0_microblaze_v11_0_13_MB_MUXCY_64
INFO: [VRFC 10-311] analyzing module microblaze_mcs_0_microblaze_v11_0_13_MB_MUXCY_65
INFO: [VRFC 10-311] analyzing module microblaze_mcs_0_microblaze_v11_0_13_MB_MUXCY_66
INFO: [VRFC 10-311] analyzing module microblaze_mcs_0_microblaze_v11_0_13_MB_MUXCY_67
INFO: [VRFC 10-311] analyzing module microblaze_mcs_0_microblaze_v11_0_13_MB_MUXCY_7
INFO: [VRFC 10-311] analyzing module microblaze_mcs_0_microblaze_v11_0_13_MB_MUXCY_716
INFO: [VRFC 10-311] analyzing module microblaze_mcs_0_microblaze_v11_0_13_MB_MUXCY_8
INFO: [VRFC 10-311] analyzing module microblaze_mcs_0_microblaze_v11_0_13_MB_MUXCY_9
INFO: [VRFC 10-311] analyzing module microblaze_mcs_0_microblaze_v11_0_13_MB_MUXCY_XORCY
INFO: [VRFC 10-311] analyzing module microblaze_mcs_0_microblaze_v11_0_13_MB_MUXCY_XORCY_27
INFO: [VRFC 10-311] analyzing module microblaze_mcs_0_microblaze_v11_0_13_MB_MUXCY_XORCY_29
INFO: [VRFC 10-311] analyzing module microblaze_mcs_0_microblaze_v11_0_13_MB_MUXCY_XORCY_393
INFO: [VRFC 10-311] analyzing module microblaze_mcs_0_microblaze_v11_0_13_MB_MUXCY_XORCY_396
INFO: [VRFC 10-311] analyzing module microblaze_mcs_0_microblaze_v11_0_13_MB_MUXCY_XORCY_401
INFO: [VRFC 10-311] analyzing module microblaze_mcs_0_microblaze_v11_0_13_MB_MUXCY_XORCY_406
INFO: [VRFC 10-311] analyzing module microblaze_mcs_0_microblaze_v11_0_13_MB_MUXCY_XORCY_411
INFO: [VRFC 10-311] analyzing module microblaze_mcs_0_microblaze_v11_0_13_MB_MUXCY_XORCY_416
INFO: [VRFC 10-311] analyzing module microblaze_mcs_0_microblaze_v11_0_13_MB_MUXCY_XORCY_421
INFO: [VRFC 10-311] analyzing module microblaze_mcs_0_microblaze_v11_0_13_MB_MUXCY_XORCY_426
INFO: [VRFC 10-311] analyzing module microblaze_mcs_0_microblaze_v11_0_13_MB_MUXCY_XORCY_431
INFO: [VRFC 10-311] analyzing module microblaze_mcs_0_microblaze_v11_0_13_MB_MUXCY_XORCY_436
INFO: [VRFC 10-311] analyzing module microblaze_mcs_0_microblaze_v11_0_13_MB_MUXCY_XORCY_441
INFO: [VRFC 10-311] analyzing module microblaze_mcs_0_microblaze_v11_0_13_MB_MUXCY_XORCY_446
INFO: [VRFC 10-311] analyzing module microblaze_mcs_0_microblaze_v11_0_13_MB_MUXCY_XORCY_451
INFO: [VRFC 10-311] analyzing module microblaze_mcs_0_microblaze_v11_0_13_MB_MUXCY_XORCY_456
INFO: [VRFC 10-311] analyzing module microblaze_mcs_0_microblaze_v11_0_13_MB_MUXCY_XORCY_461
INFO: [VRFC 10-311] analyzing module microblaze_mcs_0_microblaze_v11_0_13_MB_MUXCY_XORCY_653
INFO: [VRFC 10-311] analyzing module microblaze_mcs_0_microblaze_v11_0_13_MB_MUXCY_XORCY_655
INFO: [VRFC 10-311] analyzing module microblaze_mcs_0_microblaze_v11_0_13_MB_MUXCY_XORCY_657
INFO: [VRFC 10-311] analyzing module microblaze_mcs_0_microblaze_v11_0_13_MB_MUXCY_XORCY_659
INFO: [VRFC 10-311] analyzing module microblaze_mcs_0_microblaze_v11_0_13_MB_MUXCY_XORCY_661
INFO: [VRFC 10-311] analyzing module microblaze_mcs_0_microblaze_v11_0_13_MB_MUXCY_XORCY_663
INFO: [VRFC 10-311] analyzing module microblaze_mcs_0_microblaze_v11_0_13_MB_MUXCY_XORCY_665
INFO: [VRFC 10-311] analyzing module microblaze_mcs_0_microblaze_v11_0_13_MB_MUXCY_XORCY_667
INFO: [VRFC 10-311] analyzing module microblaze_mcs_0_microblaze_v11_0_13_MB_MUXCY_XORCY_669
INFO: [VRFC 10-311] analyzing module microblaze_mcs_0_microblaze_v11_0_13_MB_MUXCY_XORCY_671
INFO: [VRFC 10-311] analyzing module microblaze_mcs_0_microblaze_v11_0_13_MB_MUXCY_XORCY_673
INFO: [VRFC 10-311] analyzing module microblaze_mcs_0_microblaze_v11_0_13_MB_MUXCY_XORCY_675
INFO: [VRFC 10-311] analyzing module microblaze_mcs_0_microblaze_v11_0_13_MB_MUXCY_XORCY_677
INFO: [VRFC 10-311] analyzing module microblaze_mcs_0_microblaze_v11_0_13_MB_MUXCY_XORCY_679
INFO: [VRFC 10-311] analyzing module microblaze_mcs_0_microblaze_v11_0_13_MB_MUXCY_XORCY_681
INFO: [VRFC 10-311] analyzing module microblaze_mcs_0_microblaze_v11_0_13_MB_MUXCY_XORCY_683
INFO: [VRFC 10-311] analyzing module microblaze_mcs_0_microblaze_v11_0_13_MB_MUXCY_XORCY_685
INFO: [VRFC 10-311] analyzing module microblaze_mcs_0_microblaze_v11_0_13_MB_MUXCY_XORCY_687
INFO: [VRFC 10-311] analyzing module microblaze_mcs_0_microblaze_v11_0_13_MB_MUXCY_XORCY_689
INFO: [VRFC 10-311] analyzing module microblaze_mcs_0_microblaze_v11_0_13_MB_MUXCY_XORCY_691
INFO: [VRFC 10-311] analyzing module microblaze_mcs_0_microblaze_v11_0_13_MB_MUXCY_XORCY_693
INFO: [VRFC 10-311] analyzing module microblaze_mcs_0_microblaze_v11_0_13_MB_MUXCY_XORCY_695
INFO: [VRFC 10-311] analyzing module microblaze_mcs_0_microblaze_v11_0_13_MB_MUXCY_XORCY_697
INFO: [VRFC 10-311] analyzing module microblaze_mcs_0_microblaze_v11_0_13_MB_MUXCY_XORCY_699
INFO: [VRFC 10-311] analyzing module microblaze_mcs_0_microblaze_v11_0_13_MB_MUXCY_XORCY_701
INFO: [VRFC 10-311] analyzing module microblaze_mcs_0_microblaze_v11_0_13_MB_MUXCY_XORCY_703
INFO: [VRFC 10-311] analyzing module microblaze_mcs_0_microblaze_v11_0_13_MB_MUXCY_XORCY_705
INFO: [VRFC 10-311] analyzing module microblaze_mcs_0_microblaze_v11_0_13_MB_MUXCY_XORCY_707
INFO: [VRFC 10-311] analyzing module microblaze_mcs_0_microblaze_v11_0_13_MB_MUXCY_XORCY_709
INFO: [VRFC 10-311] analyzing module microblaze_mcs_0_microblaze_v11_0_13_MB_MUXCY_XORCY_711
INFO: [VRFC 10-311] analyzing module microblaze_mcs_0_microblaze_v11_0_13_MB_MUXCY_XORCY_713
INFO: [VRFC 10-311] analyzing module microblaze_mcs_0_microblaze_v11_0_13_MB_MUXCY_XORCY_715
INFO: [VRFC 10-311] analyzing module microblaze_mcs_0_microblaze_v11_0_13_MB_MUXF7
INFO: [VRFC 10-311] analyzing module microblaze_mcs_0_microblaze_v11_0_13_MB_MUXF7_101
INFO: [VRFC 10-311] analyzing module microblaze_mcs_0_microblaze_v11_0_13_MB_MUXF7_104
INFO: [VRFC 10-311] analyzing module microblaze_mcs_0_microblaze_v11_0_13_MB_MUXF7_107
INFO: [VRFC 10-311] analyzing module microblaze_mcs_0_microblaze_v11_0_13_MB_MUXF7_110
INFO: [VRFC 10-311] analyzing module microblaze_mcs_0_microblaze_v11_0_13_MB_MUXF7_113
INFO: [VRFC 10-311] analyzing module microblaze_mcs_0_microblaze_v11_0_13_MB_MUXF7_116
INFO: [VRFC 10-311] analyzing module microblaze_mcs_0_microblaze_v11_0_13_MB_MUXF7_119
INFO: [VRFC 10-311] analyzing module microblaze_mcs_0_microblaze_v11_0_13_MB_MUXF7_122
INFO: [VRFC 10-311] analyzing module microblaze_mcs_0_microblaze_v11_0_13_MB_MUXF7_125
INFO: [VRFC 10-311] analyzing module microblaze_mcs_0_microblaze_v11_0_13_MB_MUXF7_128
INFO: [VRFC 10-311] analyzing module microblaze_mcs_0_microblaze_v11_0_13_MB_MUXF7_131
INFO: [VRFC 10-311] analyzing module microblaze_mcs_0_microblaze_v11_0_13_MB_MUXF7_134
INFO: [VRFC 10-311] analyzing module microblaze_mcs_0_microblaze_v11_0_13_MB_MUXF7_137
INFO: [VRFC 10-311] analyzing module microblaze_mcs_0_microblaze_v11_0_13_MB_MUXF7_140
INFO: [VRFC 10-311] analyzing module microblaze_mcs_0_microblaze_v11_0_13_MB_MUXF7_143
INFO: [VRFC 10-311] analyzing module microblaze_mcs_0_microblaze_v11_0_13_MB_MUXF7_146
INFO: [VRFC 10-311] analyzing module microblaze_mcs_0_microblaze_v11_0_13_MB_MUXF7_149
INFO: [VRFC 10-311] analyzing module microblaze_mcs_0_microblaze_v11_0_13_MB_MUXF7_152
INFO: [VRFC 10-311] analyzing module microblaze_mcs_0_microblaze_v11_0_13_MB_MUXF7_155
INFO: [VRFC 10-311] analyzing module microblaze_mcs_0_microblaze_v11_0_13_MB_MUXF7_158
INFO: [VRFC 10-311] analyzing module microblaze_mcs_0_microblaze_v11_0_13_MB_MUXF7_161
INFO: [VRFC 10-311] analyzing module microblaze_mcs_0_microblaze_v11_0_13_MB_MUXF7_164
INFO: [VRFC 10-311] analyzing module microblaze_mcs_0_microblaze_v11_0_13_MB_MUXF7_167
INFO: [VRFC 10-311] analyzing module microblaze_mcs_0_microblaze_v11_0_13_MB_MUXF7_170
INFO: [VRFC 10-311] analyzing module microblaze_mcs_0_microblaze_v11_0_13_MB_MUXF7_173
INFO: [VRFC 10-311] analyzing module microblaze_mcs_0_microblaze_v11_0_13_MB_MUXF7_176
INFO: [VRFC 10-311] analyzing module microblaze_mcs_0_microblaze_v11_0_13_MB_MUXF7_179
INFO: [VRFC 10-311] analyzing module microblaze_mcs_0_microblaze_v11_0_13_MB_MUXF7_182
INFO: [VRFC 10-311] analyzing module microblaze_mcs_0_microblaze_v11_0_13_MB_MUXF7_185
INFO: [VRFC 10-311] analyzing module microblaze_mcs_0_microblaze_v11_0_13_MB_MUXF7_188
INFO: [VRFC 10-311] analyzing module microblaze_mcs_0_microblaze_v11_0_13_MB_MUXF7_191
INFO: [VRFC 10-311] analyzing module microblaze_mcs_0_microblaze_v11_0_13_mb_sync_bit
INFO: [VRFC 10-311] analyzing module microblaze_mcs_0_microblaze_v11_0_13_mb_sync_bit__parameterized0
INFO: [VRFC 10-311] analyzing module microblaze_mcs_0_microblaze_v11_0_13_mb_sync_bit__parameterized0_0
INFO: [VRFC 10-311] analyzing module microblaze_mcs_0_mux4_8
INFO: [VRFC 10-311] analyzing module microblaze_mcs_0_blk_mem_gen_generic_cstr
INFO: [VRFC 10-311] analyzing module microblaze_mcs_0_blk_mem_gen_prim_width
INFO: [VRFC 10-311] analyzing module microblaze_mcs_0_blk_mem_gen_prim_width__parameterized0
INFO: [VRFC 10-311] analyzing module microblaze_mcs_0_blk_mem_gen_prim_width__parameterized1
INFO: [VRFC 10-311] analyzing module microblaze_mcs_0_blk_mem_gen_prim_width__parameterized10
INFO: [VRFC 10-311] analyzing module microblaze_mcs_0_blk_mem_gen_prim_width__parameterized11
INFO: [VRFC 10-311] analyzing module microblaze_mcs_0_blk_mem_gen_prim_width__parameterized12
INFO: [VRFC 10-311] analyzing module microblaze_mcs_0_blk_mem_gen_prim_width__parameterized13
INFO: [VRFC 10-311] analyzing module microblaze_mcs_0_blk_mem_gen_prim_width__parameterized14
INFO: [VRFC 10-311] analyzing module microblaze_mcs_0_blk_mem_gen_prim_width__parameterized15
INFO: [VRFC 10-311] analyzing module microblaze_mcs_0_blk_mem_gen_prim_width__parameterized16
INFO: [VRFC 10-311] analyzing module microblaze_mcs_0_blk_mem_gen_prim_width__parameterized17
INFO: [VRFC 10-311] analyzing module microblaze_mcs_0_blk_mem_gen_prim_width__parameterized18
INFO: [VRFC 10-311] analyzing module microblaze_mcs_0_blk_mem_gen_prim_width__parameterized19
INFO: [VRFC 10-311] analyzing module microblaze_mcs_0_blk_mem_gen_prim_width__parameterized2
INFO: [VRFC 10-311] analyzing module microblaze_mcs_0_blk_mem_gen_prim_width__parameterized20
INFO: [VRFC 10-311] analyzing module microblaze_mcs_0_blk_mem_gen_prim_width__parameterized21
INFO: [VRFC 10-311] analyzing module microblaze_mcs_0_blk_mem_gen_prim_width__parameterized22
INFO: [VRFC 10-311] analyzing module microblaze_mcs_0_blk_mem_gen_prim_width__parameterized23
INFO: [VRFC 10-311] analyzing module microblaze_mcs_0_blk_mem_gen_prim_width__parameterized24
INFO: [VRFC 10-311] analyzing module microblaze_mcs_0_blk_mem_gen_prim_width__parameterized25
INFO: [VRFC 10-311] analyzing module microblaze_mcs_0_blk_mem_gen_prim_width__parameterized26
INFO: [VRFC 10-311] analyzing module microblaze_mcs_0_blk_mem_gen_prim_width__parameterized27
INFO: [VRFC 10-311] analyzing module microblaze_mcs_0_blk_mem_gen_prim_width__parameterized28
INFO: [VRFC 10-311] analyzing module microblaze_mcs_0_blk_mem_gen_prim_width__parameterized29
INFO: [VRFC 10-311] analyzing module microblaze_mcs_0_blk_mem_gen_prim_width__parameterized3
INFO: [VRFC 10-311] analyzing module microblaze_mcs_0_blk_mem_gen_prim_width__parameterized30
INFO: [VRFC 10-311] analyzing module microblaze_mcs_0_blk_mem_gen_prim_width__parameterized4
INFO: [VRFC 10-311] analyzing module microblaze_mcs_0_blk_mem_gen_prim_width__parameterized5
INFO: [VRFC 10-311] analyzing module microblaze_mcs_0_blk_mem_gen_prim_width__parameterized6
INFO: [VRFC 10-311] analyzing module microblaze_mcs_0_blk_mem_gen_prim_width__parameterized7
INFO: [VRFC 10-311] analyzing module microblaze_mcs_0_blk_mem_gen_prim_width__parameterized8
INFO: [VRFC 10-311] analyzing module microblaze_mcs_0_blk_mem_gen_prim_width__parameterized9
INFO: [VRFC 10-311] analyzing module microblaze_mcs_0_blk_mem_gen_prim_wrapper
INFO: [VRFC 10-311] analyzing module microblaze_mcs_0_blk_mem_gen_prim_wrapper__parameterized0
INFO: [VRFC 10-311] analyzing module microblaze_mcs_0_blk_mem_gen_prim_wrapper__parameterized1
INFO: [VRFC 10-311] analyzing module microblaze_mcs_0_blk_mem_gen_prim_wrapper__parameterized10
INFO: [VRFC 10-311] analyzing module microblaze_mcs_0_blk_mem_gen_prim_wrapper__parameterized11
INFO: [VRFC 10-311] analyzing module microblaze_mcs_0_blk_mem_gen_prim_wrapper__parameterized12
INFO: [VRFC 10-311] analyzing module microblaze_mcs_0_blk_mem_gen_prim_wrapper__parameterized13
INFO: [VRFC 10-311] analyzing module microblaze_mcs_0_blk_mem_gen_prim_wrapper__parameterized14
INFO: [VRFC 10-311] analyzing module microblaze_mcs_0_blk_mem_gen_prim_wrapper__parameterized15
INFO: [VRFC 10-311] analyzing module microblaze_mcs_0_blk_mem_gen_prim_wrapper__parameterized16
INFO: [VRFC 10-311] analyzing module microblaze_mcs_0_blk_mem_gen_prim_wrapper__parameterized17
INFO: [VRFC 10-311] analyzing module microblaze_mcs_0_blk_mem_gen_prim_wrapper__parameterized18
INFO: [VRFC 10-311] analyzing module microblaze_mcs_0_blk_mem_gen_prim_wrapper__parameterized19
INFO: [VRFC 10-311] analyzing module microblaze_mcs_0_blk_mem_gen_prim_wrapper__parameterized2
INFO: [VRFC 10-311] analyzing module microblaze_mcs_0_blk_mem_gen_prim_wrapper__parameterized20
INFO: [VRFC 10-311] analyzing module microblaze_mcs_0_blk_mem_gen_prim_wrapper__parameterized21
INFO: [VRFC 10-311] analyzing module microblaze_mcs_0_blk_mem_gen_prim_wrapper__parameterized22
INFO: [VRFC 10-311] analyzing module microblaze_mcs_0_blk_mem_gen_prim_wrapper__parameterized23
INFO: [VRFC 10-311] analyzing module microblaze_mcs_0_blk_mem_gen_prim_wrapper__parameterized24
INFO: [VRFC 10-311] analyzing module microblaze_mcs_0_blk_mem_gen_prim_wrapper__parameterized25
INFO: [VRFC 10-311] analyzing module microblaze_mcs_0_blk_mem_gen_prim_wrapper__parameterized26
INFO: [VRFC 10-311] analyzing module microblaze_mcs_0_blk_mem_gen_prim_wrapper__parameterized27
INFO: [VRFC 10-311] analyzing module microblaze_mcs_0_blk_mem_gen_prim_wrapper__parameterized28
INFO: [VRFC 10-311] analyzing module microblaze_mcs_0_blk_mem_gen_prim_wrapper__parameterized29
INFO: [VRFC 10-311] analyzing module microblaze_mcs_0_blk_mem_gen_prim_wrapper__parameterized3
INFO: [VRFC 10-311] analyzing module microblaze_mcs_0_blk_mem_gen_prim_wrapper__parameterized30
INFO: [VRFC 10-311] analyzing module microblaze_mcs_0_blk_mem_gen_prim_wrapper__parameterized4
INFO: [VRFC 10-311] analyzing module microblaze_mcs_0_blk_mem_gen_prim_wrapper__parameterized5
INFO: [VRFC 10-311] analyzing module microblaze_mcs_0_blk_mem_gen_prim_wrapper__parameterized6
INFO: [VRFC 10-311] analyzing module microblaze_mcs_0_blk_mem_gen_prim_wrapper__parameterized7
INFO: [VRFC 10-311] analyzing module microblaze_mcs_0_blk_mem_gen_prim_wrapper__parameterized8
INFO: [VRFC 10-311] analyzing module microblaze_mcs_0_blk_mem_gen_prim_wrapper__parameterized9
INFO: [VRFC 10-311] analyzing module microblaze_mcs_0_blk_mem_gen_top
INFO: [VRFC 10-311] analyzing module microblaze_mcs_0_blk_mem_gen_v8_4_8
INFO: [VRFC 10-311] analyzing module microblaze_mcs_0_blk_mem_gen_v8_4_8_synth
INFO: [VRFC 10-311] analyzing module glbl
