INFO: [VRFC 10-2263] Analyzing SystemVerilog file "H:/digitalno/vaje4/vaje4.srcs/sources_1/new/vaja4.sv" into library xil_defaultlib
INFO: [VRFC 10-311] analyzing module timer_0001s
INFO: [VRFC 10-311] analyzing module mod_counter
INFO: [VRFC 10-311] analyzing module anode_assert
INFO: [VRFC 10-311] analyzing module value_to_digit
INFO: [VRFC 10-311] analyzing module digit_to_segments
INFO: [VRFC 10-311] analyzing module SevSegDisplay
INFO: [VRFC 10-311] analyzing module stopwatch
INFO: [VRFC 10-2263] Analyzing SystemVerilog file "H:/digitalno/vaje4/vaje4.srcs/sim_1/new/tb_stopwatch.sv" into library xil_defaultlib
INFO: [VRFC 10-311] analyzing module timer_0001s
WARNING: [VRFC 10-3609] overwriting previous definition of module 'timer_0001s' [H:\digitalno\vaje4\vaje4.srcs\sources_1\new\vaja4.sv:2]
INFO: [VRFC 10-311] analyzing module mod_counter
WARNING: [VRFC 10-3609] overwriting previous definition of module 'mod_counter' [H:\digitalno\vaje4\vaje4.srcs\sources_1\new\vaja4.sv:43]
INFO: [VRFC 10-311] analyzing module anode_assert
WARNING: [VRFC 10-3609] overwriting previous definition of module 'anode_assert' [H:\digitalno\vaje4\vaje4.srcs\sources_1\new\vaja4.sv:93]
INFO: [VRFC 10-311] analyzing module value_to_digit
WARNING: [VRFC 10-3609] overwriting previous definition of module 'value_to_digit' [H:\digitalno\vaje4\vaje4.srcs\sources_1\new\vaja4.sv:127]
INFO: [VRFC 10-311] analyzing module digit_to_segments
WARNING: [VRFC 10-3609] overwriting previous definition of module 'digit_to_segments' [H:\digitalno\vaje4\vaje4.srcs\sources_1\new\vaja4.sv:161]
INFO: [VRFC 10-311] analyzing module SevSegDisplay
WARNING: [VRFC 10-3609] overwriting previous definition of module 'SevSegDisplay' [H:\digitalno\vaje4\vaje4.srcs\sources_1\new\vaja4.sv:188]
INFO: [VRFC 10-311] analyzing module stopwatch
WARNING: [VRFC 10-3609] overwriting previous definition of module 'stopwatch' [H:\digitalno\vaje4\vaje4.srcs\sources_1\new\vaja4.sv:246]
INFO: [VRFC 10-311] analyzing module tb_stopwatch
